#
# There is insufficient memory for the Java Runtime Environment to continue.
# Native memory allocation (malloc) failed to allocate 105376 bytes. Error detail: Chunk::new
# Possible reasons:
#   The system is out of physical RAM or swap space
#   This process is running with CompressedOops enabled, and the Java Heap may be blocking the growth of the native heap
# Possible solutions:
#   Reduce memory load on the system
#   Increase physical memory or swap space
#   Check if swap backing store is full
#   Decrease Java heap size (-Xmx/-Xms)
#   Decrease number of Java threads
#   Decrease Java thread stack sizes (-Xss)
#   Set larger code cache with -XX:ReservedCodeCacheSize=
#   JVM is running with Zero Based Compressed Oops mode in which the Java heap is
#     placed in the first 32GB address space. The Java Heap base address is the
#     maximum limit for the native heap growth. Please use -XX:HeapBaseMinAddress
#     to set the Java Heap base and to place the Java Heap above 32GB virtual address.
# This output file may be truncated or incomplete.
#
#  Out of Memory Error (arena.cpp:168), pid=25248, tid=16876
#
# JRE version: OpenJDK Runtime Environment (21.0.5) (build 21.0.5+-12932927-b750.29)
# Java VM: OpenJDK 64-Bit Server VM (21.0.5+-12932927-b750.29, mixed mode, tiered, compressed oops, compressed class ptrs, g1 gc, windows-amd64)
# No core dump will be written. Minidumps are not enabled by default on client versions of Windows
#

---------------  S U M M A R Y ------------

Command Line: -XX:MaxMetaspaceSize=4G -XX:ReservedCodeCacheSize=512m -XX:+HeapDumpOnOutOfMemoryError --add-opens=java.base/java.util=ALL-UNNAMED --add-opens=java.base/java.lang=ALL-UNNAMED --add-opens=java.base/java.lang.invoke=ALL-UNNAMED --add-opens=java.prefs/java.util.prefs=ALL-UNNAMED --add-exports=jdk.compiler/com.sun.tools.javac.api=ALL-UNNAMED --add-exports=jdk.compiler/com.sun.tools.javac.util=ALL-UNNAMED --add-opens=java.base/java.nio.charset=ALL-UNNAMED --add-opens=java.base/java.net=ALL-UNNAMED --add-opens=java.base/java.util.concurrent.atomic=ALL-UNNAMED -Xmx8G -Dfile.encoding=UTF-8 -Duser.country=US -Duser.language=en -Duser.variant -javaagent:C:\Users\alykh\.gradle\wrapper\dists\gradle-8.9-bin\90cnw93cvbtalezasaz0blq0a\gradle-8.9\lib\agents\gradle-instrumentation-agent-8.9.jar org.gradle.launcher.daemon.bootstrap.GradleDaemon 8.9

Host: Intel(R) Core(TM) i7-8750H CPU @ 2.20GHz, 12 cores, 15G,  Windows 11 , 64 bit Build 22621 (10.0.22621.5262)
Time: Sat May 17 02:33:00 2025 Egypt Daylight Time elapsed time: 66.858778 seconds (0d 0h 1m 6s)

---------------  T H R E A D  ---------------

Current thread (0x0000025df78fa050):  JavaThread "C2 CompilerThread0" daemon [_thread_in_native, id=16876, stack(0x000000dc88e00000,0x000000dc88f00000) (1024K)]


Current CompileTask:
C2:66859 16364   !   4       java.util.stream.ReferencePipeline$7$1::accept (127 bytes)

Stack: [0x000000dc88e00000,0x000000dc88f00000]
Native frames: (J=compiled Java code, j=interpreted, Vv=VM code, C=native code)
V  [jvm.dll+0x6cfb29]
V  [jvm.dll+0x85ded3]
V  [jvm.dll+0x86042e]
V  [jvm.dll+0x860b13]
V  [jvm.dll+0x27e6b6]
V  [jvm.dll+0xbff6d]
V  [jvm.dll+0xc04a3]
V  [jvm.dll+0x2f2750]
V  [jvm.dll+0x5fa0c9]
V  [jvm.dll+0x250d62]
V  [jvm.dll+0x24956d]
V  [jvm.dll+0x24712e]
V  [jvm.dll+0x1c5ee4]
V  [jvm.dll+0x25697c]
V  [jvm.dll+0x254ec6]
V  [jvm.dll+0x3f0ce6]
V  [jvm.dll+0x806368]
V  [jvm.dll+0x6ce3fd]
C  [ucrtbase.dll+0x29333]
C  [KERNEL32.DLL+0x1259d]
C  [ntdll.dll+0x5af58]


---------------  P R O C E S S  ---------------

Threads class SMR info:
_java_thread_list=0x0000025d8076e730, length=185, elements={
0x0000025dc7193580, 0x0000025df78e0150, 0x0000025df78e2920, 0x0000025df78e4e00,
0x0000025df78f5a10, 0x0000025df78f7470, 0x0000025df78f7ec0, 0x0000025df78fa050,
0x0000025df7908d20, 0x0000025df7a4b4a0, 0x0000025df7bd7a70, 0x0000025dfdb791b0,
0x0000025dfdd57f30, 0x0000025dfdc71e30, 0x0000025dfde1ccb0, 0x0000025dfdd7fdd0,
0x0000025dfdd983c0, 0x0000025dfe044000, 0x0000025dfdc258d0, 0x0000025dfdfdb130,
0x0000025dfdfdc4e0, 0x0000025dfdfd96f0, 0x0000025dfdfdaaa0, 0x0000025dfdfdb7c0,
0x0000025dfdfd9d80, 0x0000025dfdfda410, 0x0000025dfdfdbe50, 0x0000025dfe0c01d0,
0x0000025dfe0bfb40, 0x0000025dfe0bcd50, 0x0000025dfe0c2fc0, 0x0000025dfe0bd3e0,
0x0000025dfe0bda70, 0x0000025dfe0c0860, 0x0000025dfe0c1580, 0x0000025dfe0bf4b0,
0x0000025dfe0c22a0, 0x0000025dfe0c0ef0, 0x0000025dfe0be790, 0x0000025dfe0bee20,
0x0000025dfe0c1c10, 0x0000025dfe0c2930, 0x0000025dfe0c3650, 0x0000025dfe0bc6c0,
0x0000025d81c66950, 0x0000025d81c69740, 0x0000025d81c64880, 0x0000025d81c65c30,
0x0000025d81c64f10, 0x0000025d81c68a20, 0x0000025d81c690b0, 0x0000025d81c69dd0,
0x0000025d81c655a0, 0x0000025d81c66fe0, 0x0000025d81c62e40, 0x0000025d81c6a460,
0x0000025d81c641f0, 0x0000025d81c634d0, 0x0000025d81c662c0, 0x0000025d81c68390,
0x0000025d81c63b60, 0x0000025d81c67670, 0x0000025d81c67d00, 0x0000025d819037f0,
0x0000025d81901090, 0x0000025d81901720, 0x0000025d818ffce0, 0x0000025d81905230,
0x0000025d818ff650, 0x0000025d81903160, 0x0000025d81904510, 0x0000025d81904ba0,
0x0000025d818fefc0, 0x0000025d819058c0, 0x0000025d81905f50, 0x0000025d819065e0,
0x0000025d81902ad0, 0x0000025d81900370, 0x0000025d81902440, 0x0000025d824e7d10,
0x0000025d824eb820, 0x0000025d824e7680, 0x0000025d824e83a0, 0x0000025d824e4f20,
0x0000025d824e6ff0, 0x0000025d824e8a30, 0x0000025d824e9de0, 0x0000025d824eb190,
0x0000025d824e90c0, 0x0000025d824e5c40, 0x0000025d824ec540, 0x0000025d824e6960,
0x0000025d824e9750, 0x0000025d824e55b0, 0x0000025d824ebeb0, 0x0000025d824eab00,
0x0000025d824e62d0, 0x0000025d824ea470, 0x0000025dff994330, 0x0000025dff9977b0,
0x0000025dff992f80, 0x0000025dff997120, 0x0000025dff995d70, 0x0000025dff993ca0,
0x0000025dff996400, 0x0000025dff996a90, 0x0000025dff9928f0, 0x0000025dff998b60,
0x0000025dff997e40, 0x0000025dff993610, 0x0000025dff9984d0, 0x0000025dff9949c0,
0x0000025dff995050, 0x0000025dff991bd0, 0x0000025dff9991f0, 0x0000025dff992260,
0x0000025dff9956e0, 0x0000025d806a3b30, 0x0000025d8069df50, 0x0000025d806a41c0,
0x0000025d806a0d40, 0x0000025d8069f300, 0x0000025d806a34a0, 0x0000025d8069ec70,
0x0000025d806a4850, 0x0000025d806a1a60, 0x0000025d806a4ee0, 0x0000025d806a5570,
0x0000025d8069f990, 0x0000025d8069e5e0, 0x0000025d806a0020, 0x0000025d806a06b0,
0x0000025d806a13d0, 0x0000025d806a20f0, 0x0000025d806a2780, 0x0000025d806a2e10,
0x0000025d805813a0, 0x0000025d80581a30, 0x0000025d805820c0, 0x0000025d80583b00,
0x0000025d80583470, 0x0000025d80582750, 0x0000025d80584820, 0x0000025d80584190,
0x0000025d80586f80, 0x0000025d80585540, 0x0000025d80584eb0, 0x0000025d80585bd0,
0x0000025d8057fff0, 0x0000025d80587610, 0x0000025d805868f0, 0x0000025d80580680,
0x0000025dfed6d740, 0x0000025dfed6f180, 0x0000025dfed6d0b0, 0x0000025dfed6eaf0,
0x0000025dfed6c390, 0x0000025dfed6ddd0, 0x0000025dfed6e460, 0x0000025dfed6ca20,
0x0000025dfed6f810, 0x0000025d822a0170, 0x0000025d822a35f0, 0x0000025d822a2f60,
0x0000025d8229f450, 0x0000025d822a1bb0, 0x0000025d822a1520, 0x0000025d8229da10,
0x0000025d8229e730, 0x0000025d822a2240, 0x0000025d822a3c80, 0x0000025d870e7ec0,
0x0000025d870e15c0, 0x0000025d870e43b0, 0x0000025d870eacb0, 0x0000025d870ef4e0,
0x0000025d870ec060, 0x0000025d870ecd80, 0x0000025d870efb70, 0x0000025d870ed410,
0x0000025d870edaa0, 0x0000025d8757df50, 0x0000025d8757d230, 0x0000025d87580020,
0x0000025d8757ec70
}

Java Threads: ( => current thread )
  0x0000025dc7193580 JavaThread "main"                              [_thread_blocked, id=12508, stack(0x000000dc88000000,0x000000dc88100000) (1024K)]
  0x0000025df78e0150 JavaThread "Reference Handler"          daemon [_thread_blocked, id=24828, stack(0x000000dc88800000,0x000000dc88900000) (1024K)]
  0x0000025df78e2920 JavaThread "Finalizer"                  daemon [_thread_blocked, id=13260, stack(0x000000dc88900000,0x000000dc88a00000) (1024K)]
  0x0000025df78e4e00 JavaThread "Signal Dispatcher"          daemon [_thread_blocked, id=25112, stack(0x000000dc88a00000,0x000000dc88b00000) (1024K)]
  0x0000025df78f5a10 JavaThread "Attach Listener"            daemon [_thread_blocked, id=23980, stack(0x000000dc88b00000,0x000000dc88c00000) (1024K)]
  0x0000025df78f7470 JavaThread "Service Thread"             daemon [_thread_blocked, id=11584, stack(0x000000dc88c00000,0x000000dc88d00000) (1024K)]
  0x0000025df78f7ec0 JavaThread "Monitor Deflation Thread"   daemon [_thread_blocked, id=14292, stack(0x000000dc88d00000,0x000000dc88e00000) (1024K)]
=>0x0000025df78fa050 JavaThread "C2 CompilerThread0"         daemon [_thread_in_native, id=16876, stack(0x000000dc88e00000,0x000000dc88f00000) (1024K)]
  0x0000025df7908d20 JavaThread "C1 CompilerThread0"         daemon [_thread_blocked, id=17704, stack(0x000000dc88f00000,0x000000dc89000000) (1024K)]
  0x0000025df7a4b4a0 JavaThread "Common-Cleaner"             daemon [_thread_blocked, id=25572, stack(0x000000dc89000000,0x000000dc89100000) (1024K)]
  0x0000025df7bd7a70 JavaThread "Notification Thread"        daemon [_thread_blocked, id=16204, stack(0x000000dc89100000,0x000000dc89200000) (1024K)]
  0x0000025dfdb791b0 JavaThread "Daemon health stats"               [_thread_blocked, id=18428, stack(0x000000dc89200000,0x000000dc89300000) (1024K)]
  0x0000025dfdd57f30 JavaThread "Incoming local TCP Connector on port 51696"        [_thread_in_native, id=23572, stack(0x000000dc89c00000,0x000000dc89d00000) (1024K)]
  0x0000025dfdc71e30 JavaThread "Daemon periodic checks"            [_thread_blocked, id=27080, stack(0x000000dc89d00000,0x000000dc89e00000) (1024K)]
  0x0000025dfde1ccb0 JavaThread "Daemon"                            [_thread_blocked, id=20912, stack(0x000000dc89e00000,0x000000dc89f00000) (1024K)]
  0x0000025dfdd7fdd0 JavaThread "Handler for socket connection from /127.0.0.1:51696 to /127.0.0.1:51697"        [_thread_in_native, id=27460, stack(0x000000dc89f00000,0x000000dc8a000000) (1024K)]
  0x0000025dfdd983c0 JavaThread "Cancel handler"                    [_thread_blocked, id=27340, stack(0x000000dc89b00000,0x000000dc89c00000) (1024K)]
  0x0000025dfe044000 JavaThread "Daemon worker"                     [_thread_blocked, id=8292, stack(0x000000dc8a000000,0x000000dc8a100000) (1024K)]
  0x0000025dfdc258d0 JavaThread "Asynchronous log dispatcher for DefaultDaemonConnection: socket connection from /127.0.0.1:51696 to /127.0.0.1:51697"        [_thread_blocked, id=14856, stack(0x000000dc8a100000,0x000000dc8a200000) (1024K)]
  0x0000025dfdfdb130 JavaThread "Stdin handler"                     [_thread_blocked, id=21960, stack(0x000000dc8a200000,0x000000dc8a300000) (1024K)]
  0x0000025dfdfdc4e0 JavaThread "Daemon client event forwarder"        [_thread_blocked, id=7864, stack(0x000000dc8a300000,0x000000dc8a400000) (1024K)]
  0x0000025dfdfd96f0 JavaThread "Cache worker for journal cache (C:\Users\alykh\.gradle\caches\journal-1)"        [_thread_blocked, id=21712, stack(0x000000dc8a800000,0x000000dc8a900000) (1024K)]
  0x0000025dfdfdaaa0 JavaThread "File lock request listener"        [_thread_in_native, id=17360, stack(0x000000dc8a900000,0x000000dc8aa00000) (1024K)]
  0x0000025dfdfdb7c0 JavaThread "Cache worker for file hash cache (C:\Users\alykh\.gradle\caches\8.9\fileHashes)"        [_thread_blocked, id=27416, stack(0x000000dc8a700000,0x000000dc8a800000) (1024K)]
  0x0000025dfdfd9d80 JavaThread "File lock release action executor"        [_thread_blocked, id=25044, stack(0x000000dc8aa00000,0x000000dc8ab00000) (1024K)]
  0x0000025dfdfda410 JavaThread "Cache worker for file hash cache (C:\Users\alykh\StudioProjects\tripstick\android\.gradle\8.9\fileHashes)"        [_thread_blocked, id=25996, stack(0x000000dc8ad00000,0x000000dc8ae00000) (1024K)]
  0x0000025dfdfdbe50 JavaThread "Cache worker for Build Output Cleanup Cache (C:\Users\alykh\StudioProjects\tripstick\android\.gradle\buildOutputCleanup)"        [_thread_blocked, id=26684, stack(0x000000dc8ae00000,0x000000dc8af00000) (1024K)]
  0x0000025dfe0c01d0 JavaThread "File watcher server"        daemon [_thread_in_native, id=26840, stack(0x000000dc8af00000,0x000000dc8b000000) (1024K)]
  0x0000025dfe0bfb40 JavaThread "File watcher consumer"      daemon [_thread_blocked, id=5272, stack(0x000000dc8b000000,0x000000dc8b100000) (1024K)]
  0x0000025dfe0bcd50 JavaThread "Cache worker for checksums cache (C:\Users\alykh\StudioProjects\tripstick\android\.gradle\8.9\checksums)"        [_thread_blocked, id=16872, stack(0x000000dc8ab00000,0x000000dc8ac00000) (1024K)]
  0x0000025dfe0c2fc0 JavaThread "Cache worker for file content cache (C:\Users\alykh\.gradle\caches\8.9\fileContent)"        [_thread_blocked, id=24804, stack(0x000000dc8ac00000,0x000000dc8ad00000) (1024K)]
  0x0000025dfe0bd3e0 JavaThread "Cache worker for cache directory md-rule (C:\Users\alykh\.gradle\caches\8.9\md-rule)"        [_thread_blocked, id=11460, stack(0x000000dc8b100000,0x000000dc8b200000) (1024K)]
  0x0000025dfe0bda70 JavaThread "Cache worker for cache directory md-supplier (C:\Users\alykh\.gradle\caches\8.9\md-supplier)"        [_thread_blocked, id=25140, stack(0x000000dc8b200000,0x000000dc8b300000) (1024K)]
  0x0000025dfe0c0860 JavaThread "Cache worker for Build Output Cleanup Cache (C:\Users\alykh\Downloads\flutter_windows_3.29.3-stable\flutter\packages\flutter_tools\gradle\.gradle\buildOutputCleanup)"        [_thread_blocked, id=24792, stack(0x000000dc8b400000,0x000000dc8b500000) (1024K)]
  0x0000025dfe0c1580 JavaThread "Unconstrained build operations"        [_thread_blocked, id=26976, stack(0x000000dc8b600000,0x000000dc8b700000) (1024K)]
  0x0000025dfe0bf4b0 JavaThread "Unconstrained build operations Thread 2"        [_thread_blocked, id=20792, stack(0x000000dc8b700000,0x000000dc8b800000) (1024K)]
  0x0000025dfe0c22a0 JavaThread "Unconstrained build operations Thread 3"        [_thread_blocked, id=27432, stack(0x000000dc8b800000,0x000000dc8b900000) (1024K)]
  0x0000025dfe0c0ef0 JavaThread "Unconstrained build operations Thread 4"        [_thread_blocked, id=2128, stack(0x000000dc8b900000,0x000000dc8ba00000) (1024K)]
  0x0000025dfe0be790 JavaThread "Unconstrained build operations Thread 5"        [_thread_blocked, id=26828, stack(0x000000dc8ba00000,0x000000dc8bb00000) (1024K)]
  0x0000025dfe0bee20 JavaThread "Unconstrained build operations Thread 6"        [_thread_blocked, id=25352, stack(0x000000dc8bb00000,0x000000dc8bc00000) (1024K)]
  0x0000025dfe0c1c10 JavaThread "Unconstrained build operations Thread 7"        [_thread_blocked, id=6352, stack(0x000000dc8bc00000,0x000000dc8bd00000) (1024K)]
  0x0000025dfe0c2930 JavaThread "Unconstrained build operations Thread 8"        [_thread_blocked, id=5744, stack(0x000000dc8bd00000,0x000000dc8be00000) (1024K)]
  0x0000025dfe0c3650 JavaThread "Unconstrained build operations Thread 9"        [_thread_blocked, id=27312, stack(0x000000dc8be00000,0x000000dc8bf00000) (1024K)]
  0x0000025dfe0bc6c0 JavaThread "Unconstrained build operations Thread 10"        [_thread_blocked, id=10900, stack(0x000000dc8bf00000,0x000000dc8c000000) (1024K)]
  0x0000025d81c66950 JavaThread "Unconstrained build operations Thread 11"        [_thread_blocked, id=22136, stack(0x000000dc8c000000,0x000000dc8c100000) (1024K)]
  0x0000025d81c69740 JavaThread "Unconstrained build operations Thread 12"        [_thread_blocked, id=25928, stack(0x000000dc8c100000,0x000000dc8c200000) (1024K)]
  0x0000025d81c64880 JavaThread "Unconstrained build operations Thread 13"        [_thread_blocked, id=26664, stack(0x000000dc8c200000,0x000000dc8c300000) (1024K)]
  0x0000025d81c65c30 JavaThread "Unconstrained build operations Thread 14"        [_thread_blocked, id=25968, stack(0x000000dc8c300000,0x000000dc8c400000) (1024K)]
  0x0000025d81c64f10 JavaThread "Unconstrained build operations Thread 15"        [_thread_blocked, id=25964, stack(0x000000dc8c400000,0x000000dc8c500000) (1024K)]
  0x0000025d81c68a20 JavaThread "Unconstrained build operations Thread 16"        [_thread_blocked, id=25932, stack(0x000000dc8c500000,0x000000dc8c600000) (1024K)]
  0x0000025d81c690b0 JavaThread "Unconstrained build operations Thread 17"        [_thread_blocked, id=25612, stack(0x000000dc8c600000,0x000000dc8c700000) (1024K)]
  0x0000025d81c69dd0 JavaThread "Unconstrained build operations Thread 18"        [_thread_blocked, id=26680, stack(0x000000dc8c700000,0x000000dc8c800000) (1024K)]
  0x0000025d81c655a0 JavaThread "Unconstrained build operations Thread 19"        [_thread_blocked, id=13276, stack(0x000000dc8c800000,0x000000dc8c900000) (1024K)]
  0x0000025d81c66fe0 JavaThread "Unconstrained build operations Thread 20"        [_thread_blocked, id=16976, stack(0x000000dc8c900000,0x000000dc8ca00000) (1024K)]
  0x0000025d81c62e40 JavaThread "Unconstrained build operations Thread 21"        [_thread_blocked, id=26816, stack(0x000000dc8ca00000,0x000000dc8cb00000) (1024K)]
  0x0000025d81c6a460 JavaThread "Unconstrained build operations Thread 22"        [_thread_blocked, id=11816, stack(0x000000dc8cb00000,0x000000dc8cc00000) (1024K)]
  0x0000025d81c641f0 JavaThread "Unconstrained build operations Thread 23"        [_thread_blocked, id=26096, stack(0x000000dc8cc00000,0x000000dc8cd00000) (1024K)]
  0x0000025d81c634d0 JavaThread "Unconstrained build operations Thread 24"        [_thread_blocked, id=26676, stack(0x000000dc8cd00000,0x000000dc8ce00000) (1024K)]
  0x0000025d81c662c0 JavaThread "Unconstrained build operations Thread 25"        [_thread_blocked, id=26276, stack(0x000000dc8ce00000,0x000000dc8cf00000) (1024K)]
  0x0000025d81c68390 JavaThread "Unconstrained build operations Thread 26"        [_thread_blocked, id=20556, stack(0x000000dc8cf00000,0x000000dc8d000000) (1024K)]
  0x0000025d81c63b60 JavaThread "Unconstrained build operations Thread 27"        [_thread_blocked, id=8144, stack(0x000000dc8d000000,0x000000dc8d100000) (1024K)]
  0x0000025d81c67670 JavaThread "Unconstrained build operations Thread 28"        [_thread_blocked, id=17044, stack(0x000000dc8d100000,0x000000dc8d200000) (1024K)]
  0x0000025d81c67d00 JavaThread "Unconstrained build operations Thread 29"        [_thread_blocked, id=20500, stack(0x000000dc8d200000,0x000000dc8d300000) (1024K)]
  0x0000025d819037f0 JavaThread "Unconstrained build operations Thread 30"        [_thread_blocked, id=27572, stack(0x000000dc8d300000,0x000000dc8d400000) (1024K)]
  0x0000025d81901090 JavaThread "Unconstrained build operations Thread 31"        [_thread_blocked, id=26748, stack(0x000000dc8d400000,0x000000dc8d500000) (1024K)]
  0x0000025d81901720 JavaThread "Unconstrained build operations Thread 32"        [_thread_blocked, id=25608, stack(0x000000dc8d500000,0x000000dc8d600000) (1024K)]
  0x0000025d818ffce0 JavaThread "Unconstrained build operations Thread 33"        [_thread_blocked, id=27452, stack(0x000000dc8d600000,0x000000dc8d700000) (1024K)]
  0x0000025d81905230 JavaThread "Memory manager"                    [_thread_blocked, id=27336, stack(0x000000dc8d700000,0x000000dc8d800000) (1024K)]
  0x0000025d818ff650 JavaThread "build event listener"              [_thread_blocked, id=26372, stack(0x000000dc8b300000,0x000000dc8b400000) (1024K)]
  0x0000025d81903160 JavaThread "included builds"                   [_thread_blocked, id=24112, stack(0x000000dc8b500000,0x000000dc8b600000) (1024K)]
  0x0000025d81904510 JavaThread "Execution worker"                  [_thread_blocked, id=27032, stack(0x000000dc8d800000,0x000000dc8d900000) (1024K)]
  0x0000025d81904ba0 JavaThread "Execution worker Thread 2"         [_thread_blocked, id=27372, stack(0x000000dc8d900000,0x000000dc8da00000) (1024K)]
  0x0000025d818fefc0 JavaThread "Execution worker Thread 3"         [_thread_blocked, id=26496, stack(0x000000dc8da00000,0x000000dc8db00000) (1024K)]
  0x0000025d819058c0 JavaThread "Execution worker Thread 4"         [_thread_blocked, id=26792, stack(0x000000dc8db00000,0x000000dc8dc00000) (1024K)]
  0x0000025d81905f50 JavaThread "Execution worker Thread 5"         [_thread_blocked, id=12352, stack(0x000000dc8dc00000,0x000000dc8dd00000) (1024K)]
  0x0000025d819065e0 JavaThread "Execution worker Thread 6"         [_thread_blocked, id=17444, stack(0x000000dc8dd00000,0x000000dc8de00000) (1024K)]
  0x0000025d81902ad0 JavaThread "Execution worker Thread 7"         [_thread_blocked, id=27040, stack(0x000000dc8de00000,0x000000dc8df00000) (1024K)]
  0x0000025d81900370 JavaThread "Execution worker Thread 8"         [_thread_blocked, id=27020, stack(0x000000dc8df00000,0x000000dc8e000000) (1024K)]
  0x0000025d81902440 JavaThread "Execution worker Thread 9"         [_thread_blocked, id=27100, stack(0x000000dc8e000000,0x000000dc8e100000) (1024K)]
  0x0000025d824e7d10 JavaThread "Execution worker Thread 10"        [_thread_blocked, id=27104, stack(0x000000dc8e100000,0x000000dc8e200000) (1024K)]
  0x0000025d824eb820 JavaThread "Execution worker Thread 11"        [_thread_blocked, id=20728, stack(0x000000dc8e200000,0x000000dc8e300000) (1024K)]
  0x0000025d824e7680 JavaThread "Cache worker for execution history cache (C:\Users\alykh\Downloads\flutter_windows_3.29.3-stable\flutter\packages\flutter_tools\gradle\.gradle\8.9\executionHistory)"        [_thread_blocked, id=26892, stack(0x000000dc87f00000,0x000000dc88000000) (1024K)]
  0x0000025d824e83a0 JavaThread "Unconstrained build operations Thread 34"        [_thread_blocked, id=10408, stack(0x000000dc8e400000,0x000000dc8e500000) (1024K)]
  0x0000025d824e4f20 JavaThread "Unconstrained build operations Thread 35"        [_thread_blocked, id=26928, stack(0x000000dc8e500000,0x000000dc8e600000) (1024K)]
  0x0000025d824e6ff0 JavaThread "Unconstrained build operations Thread 36"        [_thread_blocked, id=21448, stack(0x000000dc8e600000,0x000000dc8e700000) (1024K)]
  0x0000025d824e8a30 JavaThread "Unconstrained build operations Thread 37"        [_thread_blocked, id=27524, stack(0x000000dc8e700000,0x000000dc8e800000) (1024K)]
  0x0000025d824e9de0 JavaThread "Unconstrained build operations Thread 38"        [_thread_blocked, id=27504, stack(0x000000dc8e800000,0x000000dc8e900000) (1024K)]
  0x0000025d824eb190 JavaThread "Unconstrained build operations Thread 39"        [_thread_blocked, id=20540, stack(0x000000dc8e900000,0x000000dc8ea00000) (1024K)]
  0x0000025d824e90c0 JavaThread "Unconstrained build operations Thread 40"        [_thread_blocked, id=22356, stack(0x000000dc8ea00000,0x000000dc8eb00000) (1024K)]
  0x0000025d824e5c40 JavaThread "Unconstrained build operations Thread 41"        [_thread_blocked, id=1492, stack(0x000000dc8eb00000,0x000000dc8ec00000) (1024K)]
  0x0000025d824ec540 JavaThread "Unconstrained build operations Thread 42"        [_thread_blocked, id=25064, stack(0x000000dc8ec00000,0x000000dc8ed00000) (1024K)]
  0x0000025d824e6960 JavaThread "Unconstrained build operations Thread 43"        [_thread_blocked, id=21444, stack(0x000000dc8ed00000,0x000000dc8ee00000) (1024K)]
  0x0000025d824e9750 JavaThread "Unconstrained build operations Thread 44"        [_thread_blocked, id=25908, stack(0x000000dc8ee00000,0x000000dc8ef00000) (1024K)]
  0x0000025d824e55b0 JavaThread "Unconstrained build operations Thread 45"        [_thread_blocked, id=26704, stack(0x000000dc8e300000,0x000000dc8e400000) (1024K)]
  0x0000025d824ebeb0 JavaThread "Unconstrained build operations Thread 46"        [_thread_blocked, id=19908, stack(0x000000dc8ef00000,0x000000dc8f000000) (1024K)]
  0x0000025d824eab00 JavaThread "Unconstrained build operations Thread 47"        [_thread_blocked, id=25500, stack(0x000000dc8f000000,0x000000dc8f100000) (1024K)]
  0x0000025d824e62d0 JavaThread "Unconstrained build operations Thread 48"        [_thread_blocked, id=26796, stack(0x000000dc8f100000,0x000000dc8f200000) (1024K)]
  0x0000025d824ea470 JavaThread "Unconstrained build operations Thread 49"        [_thread_blocked, id=236, stack(0x000000dc8f200000,0x000000dc8f300000) (1024K)]
  0x0000025dff994330 JavaThread "Unconstrained build operations Thread 50"        [_thread_blocked, id=26648, stack(0x000000dc8f300000,0x000000dc8f400000) (1024K)]
  0x0000025dff9977b0 JavaThread "Unconstrained build operations Thread 51"        [_thread_blocked, id=1324, stack(0x000000dc8f400000,0x000000dc8f500000) (1024K)]
  0x0000025dff992f80 JavaThread "Unconstrained build operations Thread 52"        [_thread_blocked, id=15912, stack(0x000000dc8f500000,0x000000dc8f600000) (1024K)]
  0x0000025dff997120 JavaThread "Unconstrained build operations Thread 53"        [_thread_blocked, id=23332, stack(0x000000dc8f600000,0x000000dc8f700000) (1024K)]
  0x0000025dff995d70 JavaThread "Unconstrained build operations Thread 54"        [_thread_blocked, id=25832, stack(0x000000dc8f700000,0x000000dc8f800000) (1024K)]
  0x0000025dff993ca0 JavaThread "Unconstrained build operations Thread 55"        [_thread_blocked, id=27320, stack(0x000000dc8f800000,0x000000dc8f900000) (1024K)]
  0x0000025dff996400 JavaThread "Unconstrained build operations Thread 56"        [_thread_blocked, id=27324, stack(0x000000dc8f900000,0x000000dc8fa00000) (1024K)]
  0x0000025dff996a90 JavaThread "Unconstrained build operations Thread 57"        [_thread_blocked, id=26756, stack(0x000000dc8fa00000,0x000000dc8fb00000) (1024K)]
  0x0000025dff9928f0 JavaThread "Unconstrained build operations Thread 58"        [_thread_blocked, id=26752, stack(0x000000dc8fb00000,0x000000dc8fc00000) (1024K)]
  0x0000025dff998b60 JavaThread "Unconstrained build operations Thread 59"        [_thread_blocked, id=27496, stack(0x000000dc8fc00000,0x000000dc8fd00000) (1024K)]
  0x0000025dff997e40 JavaThread "Unconstrained build operations Thread 60"        [_thread_blocked, id=25236, stack(0x000000dc8fd00000,0x000000dc8fe00000) (1024K)]
  0x0000025dff993610 JavaThread "Unconstrained build operations Thread 61"        [_thread_blocked, id=27428, stack(0x000000dc8ff00000,0x000000dc90000000) (1024K)]
  0x0000025dff9984d0 JavaThread "Unconstrained build operations Thread 62"        [_thread_blocked, id=12036, stack(0x000000dc90000000,0x000000dc90100000) (1024K)]
  0x0000025dff9949c0 JavaThread "Unconstrained build operations Thread 63"        [_thread_blocked, id=9736, stack(0x000000dc90100000,0x000000dc90200000) (1024K)]
  0x0000025dff995050 JavaThread "Unconstrained build operations Thread 64"        [_thread_blocked, id=26804, stack(0x000000dc90200000,0x000000dc90300000) (1024K)]
  0x0000025dff991bd0 JavaThread "Unconstrained build operations Thread 65"        [_thread_blocked, id=24412, stack(0x000000dc90300000,0x000000dc90400000) (1024K)]
  0x0000025dff9991f0 JavaThread "Unconstrained build operations Thread 66"        [_thread_blocked, id=26700, stack(0x000000dc90400000,0x000000dc90500000) (1024K)]
  0x0000025dff992260 JavaThread "Unconstrained build operations Thread 67"        [_thread_blocked, id=26692, stack(0x000000dc90500000,0x000000dc90600000) (1024K)]
  0x0000025dff9956e0 JavaThread "Unconstrained build operations Thread 68"        [_thread_blocked, id=14184, stack(0x000000dc90600000,0x000000dc90700000) (1024K)]
  0x0000025d806a3b30 JavaThread "Unconstrained build operations Thread 69"        [_thread_blocked, id=25672, stack(0x000000dc90700000,0x000000dc90800000) (1024K)]
  0x0000025d8069df50 JavaThread "Unconstrained build operations Thread 70"        [_thread_blocked, id=18888, stack(0x000000dc90800000,0x000000dc90900000) (1024K)]
  0x0000025d806a41c0 JavaThread "Unconstrained build operations Thread 71"        [_thread_blocked, id=27608, stack(0x000000dc90900000,0x000000dc90a00000) (1024K)]
  0x0000025d806a0d40 JavaThread "Unconstrained build operations Thread 72"        [_thread_blocked, id=27556, stack(0x000000dc90a00000,0x000000dc90b00000) (1024K)]
  0x0000025d8069f300 JavaThread "Unconstrained build operations Thread 73"        [_thread_blocked, id=20856, stack(0x000000dc90b00000,0x000000dc90c00000) (1024K)]
  0x0000025d806a34a0 JavaThread "Unconstrained build operations Thread 74"        [_thread_blocked, id=5848, stack(0x000000dc90c00000,0x000000dc90d00000) (1024K)]
  0x0000025d8069ec70 JavaThread "Unconstrained build operations Thread 75"        [_thread_blocked, id=25864, stack(0x000000dc90d00000,0x000000dc90e00000) (1024K)]
  0x0000025d806a4850 JavaThread "Unconstrained build operations Thread 76"        [_thread_blocked, id=26668, stack(0x000000dc90e00000,0x000000dc90f00000) (1024K)]
  0x0000025d806a1a60 JavaThread "Unconstrained build operations Thread 77"        [_thread_blocked, id=9044, stack(0x000000dc90f00000,0x000000dc91000000) (1024K)]
  0x0000025d806a4ee0 JavaThread "Unconstrained build operations Thread 78"        [_thread_blocked, id=27148, stack(0x000000dc91000000,0x000000dc91100000) (1024K)]
  0x0000025d806a5570 JavaThread "Unconstrained build operations Thread 79"        [_thread_blocked, id=19452, stack(0x000000dc91100000,0x000000dc91200000) (1024K)]
  0x0000025d8069f990 JavaThread "Unconstrained build operations Thread 80"        [_thread_blocked, id=5060, stack(0x000000dc91200000,0x000000dc91300000) (1024K)]
  0x0000025d8069e5e0 JavaThread "Unconstrained build operations Thread 81"        [_thread_blocked, id=23748, stack(0x000000dc91300000,0x000000dc91400000) (1024K)]
  0x0000025d806a0020 JavaThread "Unconstrained build operations Thread 82"        [_thread_blocked, id=7488, stack(0x000000dc91400000,0x000000dc91500000) (1024K)]
  0x0000025d806a06b0 JavaThread "Unconstrained build operations Thread 83"        [_thread_blocked, id=25456, stack(0x000000dc91500000,0x000000dc91600000) (1024K)]
  0x0000025d806a13d0 JavaThread "Unconstrained build operations Thread 84"        [_thread_blocked, id=24600, stack(0x000000dc91600000,0x000000dc91700000) (1024K)]
  0x0000025d806a20f0 JavaThread "Unconstrained build operations Thread 85"        [_thread_blocked, id=9744, stack(0x000000dc91700000,0x000000dc91800000) (1024K)]
  0x0000025d806a2780 JavaThread "Unconstrained build operations Thread 86"        [_thread_blocked, id=26968, stack(0x000000dc91800000,0x000000dc91900000) (1024K)]
  0x0000025d806a2e10 JavaThread "Unconstrained build operations Thread 87"        [_thread_blocked, id=27216, stack(0x000000dc91900000,0x000000dc91a00000) (1024K)]
  0x0000025d805813a0 JavaThread "Unconstrained build operations Thread 88"        [_thread_blocked, id=25220, stack(0x000000dc91a00000,0x000000dc91b00000) (1024K)]
  0x0000025d80581a30 JavaThread "Unconstrained build operations Thread 89"        [_thread_blocked, id=22236, stack(0x000000dc91b00000,0x000000dc91c00000) (1024K)]
  0x0000025d805820c0 JavaThread "Unconstrained build operations Thread 90"        [_thread_blocked, id=26308, stack(0x000000dc91c00000,0x000000dc91d00000) (1024K)]
  0x0000025d80583b00 JavaThread "Unconstrained build operations Thread 91"        [_thread_blocked, id=5512, stack(0x000000dc91d00000,0x000000dc91e00000) (1024K)]
  0x0000025d80583470 JavaThread "Unconstrained build operations Thread 92"        [_thread_blocked, id=24120, stack(0x000000dc91e00000,0x000000dc91f00000) (1024K)]
  0x0000025d80582750 JavaThread "Unconstrained build operations Thread 93"        [_thread_blocked, id=15072, stack(0x000000dc91f00000,0x000000dc92000000) (1024K)]
  0x0000025d80584820 JavaThread "Unconstrained build operations Thread 94"        [_thread_blocked, id=12212, stack(0x000000dc92000000,0x000000dc92100000) (1024K)]
  0x0000025d80584190 JavaThread "Unconstrained build operations Thread 95"        [_thread_blocked, id=25664, stack(0x000000dc92100000,0x000000dc92200000) (1024K)]
  0x0000025d80586f80 JavaThread "Unconstrained build operations Thread 96"        [_thread_blocked, id=25132, stack(0x000000dc92200000,0x000000dc92300000) (1024K)]
  0x0000025d80585540 JavaThread "Unconstrained build operations Thread 97"        [_thread_blocked, id=18780, stack(0x000000dc92300000,0x000000dc92400000) (1024K)]
  0x0000025d80584eb0 JavaThread "Unconstrained build operations Thread 98"        [_thread_blocked, id=20676, stack(0x000000dc92400000,0x000000dc92500000) (1024K)]
  0x0000025d80585bd0 JavaThread "Unconstrained build operations Thread 99"        [_thread_blocked, id=26708, stack(0x000000dc92500000,0x000000dc92600000) (1024K)]
  0x0000025d8057fff0 JavaThread "jar transforms"                    [_thread_blocked, id=26632, stack(0x000000dc92600000,0x000000dc92700000) (1024K)]
  0x0000025d80587610 JavaThread "jar transforms Thread 2"           [_thread_blocked, id=7464, stack(0x000000dc92700000,0x000000dc92800000) (1024K)]
  0x0000025d805868f0 JavaThread "Unconstrained build operations Thread 100"        [_thread_blocked, id=2872, stack(0x000000dc92900000,0x000000dc92a00000) (1024K)]
  0x0000025d80580680 JavaThread "Unconstrained build operations Thread 101"        [_thread_blocked, id=26760, stack(0x000000dc92a00000,0x000000dc92b00000) (1024K)]
  0x0000025dfed6d740 JavaThread "Unconstrained build operations Thread 102"        [_thread_blocked, id=26744, stack(0x000000dc92b00000,0x000000dc92c00000) (1024K)]
  0x0000025dfed6f180 JavaThread "Unconstrained build operations Thread 103"        [_thread_blocked, id=27180, stack(0x000000dc92c00000,0x000000dc92d00000) (1024K)]
  0x0000025dfed6d0b0 JavaThread "Unconstrained build operations Thread 104"        [_thread_blocked, id=9728, stack(0x000000dc92d00000,0x000000dc92e00000) (1024K)]
  0x0000025dfed6eaf0 JavaThread "Unconstrained build operations Thread 105"        [_thread_blocked, id=26272, stack(0x000000dc92e00000,0x000000dc92f00000) (1024K)]
  0x0000025dfed6c390 JavaThread "Unconstrained build operations Thread 106"        [_thread_blocked, id=12164, stack(0x000000dc92f00000,0x000000dc93000000) (1024K)]
  0x0000025dfed6ddd0 JavaThread "Unconstrained build operations Thread 107"        [_thread_blocked, id=21580, stack(0x000000dc93000000,0x000000dc93100000) (1024K)]
  0x0000025dfed6e460 JavaThread "Unconstrained build operations Thread 108"        [_thread_blocked, id=22300, stack(0x000000dc93100000,0x000000dc93200000) (1024K)]
  0x0000025dfed6ca20 JavaThread "Unconstrained build operations Thread 109"        [_thread_blocked, id=13420, stack(0x000000dc93200000,0x000000dc93300000) (1024K)]
  0x0000025dfed6f810 JavaThread "Unconstrained build operations Thread 110"        [_thread_blocked, id=26644, stack(0x000000dc93300000,0x000000dc93400000) (1024K)]
  0x0000025d822a0170 JavaThread "Unconstrained build operations Thread 111"        [_thread_blocked, id=3752, stack(0x000000dc93400000,0x000000dc93500000) (1024K)]
  0x0000025d822a35f0 JavaThread "Unconstrained build operations Thread 112"        [_thread_blocked, id=26896, stack(0x000000dc93500000,0x000000dc93600000) (1024K)]
  0x0000025d822a2f60 JavaThread "Unconstrained build operations Thread 113"        [_thread_blocked, id=26848, stack(0x000000dc93600000,0x000000dc93700000) (1024K)]
  0x0000025d8229f450 JavaThread "Unconstrained build operations Thread 114"        [_thread_blocked, id=15692, stack(0x000000dc93700000,0x000000dc93800000) (1024K)]
  0x0000025d822a1bb0 JavaThread "Unconstrained build operations Thread 115"        [_thread_blocked, id=22188, stack(0x000000dc93800000,0x000000dc93900000) (1024K)]
  0x0000025d822a1520 JavaThread "Unconstrained build operations Thread 116"        [_thread_blocked, id=23128, stack(0x000000dc93900000,0x000000dc93a00000) (1024K)]
  0x0000025d8229da10 JavaThread "Unconstrained build operations Thread 117"        [_thread_blocked, id=8096, stack(0x000000dc93a00000,0x000000dc93b00000) (1024K)]
  0x0000025d8229e730 JavaThread "Unconstrained build operations Thread 118"        [_thread_blocked, id=18980, stack(0x000000dc93b00000,0x000000dc93c00000) (1024K)]
  0x0000025d822a2240 JavaThread "Unconstrained build operations Thread 119"        [_thread_blocked, id=27060, stack(0x000000dc93c00000,0x000000dc93d00000) (1024K)]
  0x0000025d822a3c80 JavaThread "Unconstrained build operations Thread 120"        [_thread_blocked, id=16856, stack(0x000000dc93d00000,0x000000dc93e00000) (1024K)]
  0x0000025d870e7ec0 JavaThread "jar transforms Thread 3"           [_thread_blocked, id=19800, stack(0x000000dc93e00000,0x000000dc93f00000) (1024K)]
  0x0000025d870e15c0 JavaThread "jar transforms Thread 4"           [_thread_blocked, id=27344, stack(0x000000dc93f00000,0x000000dc94000000) (1024K)]
  0x0000025d870e43b0 JavaThread "jar transforms Thread 5"           [_thread_blocked, id=6292, stack(0x000000dc92800000,0x000000dc92900000) (1024K)]
  0x0000025d870eacb0 JavaThread "jar transforms Thread 6"           [_thread_blocked, id=26556, stack(0x000000dc94100000,0x000000dc94200000) (1024K)]
  0x0000025d870ef4e0 JavaThread "jar transforms Thread 7"           [_thread_blocked, id=27244, stack(0x000000dc94200000,0x000000dc94300000) (1024K)]
  0x0000025d870ec060 JavaThread "jar transforms Thread 8"           [_thread_blocked, id=26884, stack(0x000000dc94300000,0x000000dc94400000) (1024K)]
  0x0000025d870ecd80 JavaThread "jar transforms Thread 9"           [_thread_blocked, id=3320, stack(0x000000dc94400000,0x000000dc94500000) (1024K)]
  0x0000025d870efb70 JavaThread "jar transforms Thread 10"          [_thread_blocked, id=26460, stack(0x000000dc94500000,0x000000dc94600000) (1024K)]
  0x0000025d870ed410 JavaThread "jar transforms Thread 11"          [_thread_blocked, id=12948, stack(0x000000dc94600000,0x000000dc94700000) (1024K)]
  0x0000025d870edaa0 JavaThread "jar transforms Thread 12"          [_thread_blocked, id=18040, stack(0x000000dc94700000,0x000000dc94800000) (1024K)]
  0x0000025d8757df50 JavaThread "Cache worker for execution history cache (C:\Users\alykh\StudioProjects\tripstick\android\.gradle\8.9\executionHistory)"        [_thread_blocked, id=27404, stack(0x000000dc94800000,0x000000dc94900000) (1024K)]
  0x0000025d8757d230 JavaThread "Exec process"                      [_thread_in_native, id=21604, stack(0x000000dc94900000,0x000000dc94a00000) (1024K)]
  0x0000025d87580020 JavaThread "Exec process Thread 2"             [_thread_in_native, id=19944, stack(0x000000dc94a00000,0x000000dc94b00000) (1024K)]
  0x0000025d8757ec70 JavaThread "Exec process Thread 3"             [_thread_in_native, id=25316, stack(0x000000dc94b00000,0x000000dc94c00000) (1024K)]
Total: 185

Other Threads:
  0x0000025df785a820 VMThread "VM Thread"                           [id=17544, stack(0x000000dc88700000,0x000000dc88800000) (1024K)]
  0x0000025df4bf6ea0 WatcherThread "VM Periodic Task Thread"        [id=20088, stack(0x000000dc88600000,0x000000dc88700000) (1024K)]
  0x0000025dc723c190 WorkerThread "GC Thread#0"                     [id=11992, stack(0x000000dc88100000,0x000000dc88200000) (1024K)]
  0x0000025dfc4423a0 WorkerThread "GC Thread#1"                     [id=26948, stack(0x000000dc89400000,0x000000dc89500000) (1024K)]
  0x0000025dfc103c80 WorkerThread "GC Thread#2"                     [id=24368, stack(0x000000dc89500000,0x000000dc89600000) (1024K)]
  0x0000025dfc437980 WorkerThread "GC Thread#3"                     [id=19128, stack(0x000000dc89600000,0x000000dc89700000) (1024K)]
  0x0000025dfc437d20 WorkerThread "GC Thread#4"                     [id=26924, stack(0x000000dc89700000,0x000000dc89800000) (1024K)]
  0x0000025dfc456aa0 WorkerThread "GC Thread#5"                     [id=24056, stack(0x000000dc89800000,0x000000dc89900000) (1024K)]
  0x0000025dfdda7030 WorkerThread "GC Thread#6"                     [id=27376, stack(0x000000dc89300000,0x000000dc89400000) (1024K)]
  0x0000025dfddb3510 WorkerThread "GC Thread#7"                     [id=27360, stack(0x000000dc89900000,0x000000dc89a00000) (1024K)]
  0x0000025dfdcc50f0 WorkerThread "GC Thread#8"                     [id=27296, stack(0x000000dc89a00000,0x000000dc89b00000) (1024K)]
  0x0000025dfdcc4610 WorkerThread "GC Thread#9"                     [id=9104, stack(0x000000dc8a400000,0x000000dc8a500000) (1024K)]
  0x0000025dc724d2e0 ConcurrentGCThread "G1 Main Marker"            [id=18328, stack(0x000000dc88200000,0x000000dc88300000) (1024K)]
  0x0000025df4a51030 WorkerThread "G1 Conc#0"                       [id=10760, stack(0x000000dc88300000,0x000000dc88400000) (1024K)]
  0x0000025dfdcc4d50 WorkerThread "G1 Conc#1"                       [id=27436, stack(0x000000dc8a500000,0x000000dc8a600000) (1024K)]
  0x0000025dfdcc5490 WorkerThread "G1 Conc#2"                       [id=27472, stack(0x000000dc8a600000,0x000000dc8a700000) (1024K)]
  0x0000025df4ac1d90 ConcurrentGCThread "G1 Refine#0"               [id=2252, stack(0x000000dc88400000,0x000000dc88500000) (1024K)]
  0x0000025df4ac2900 ConcurrentGCThread "G1 Service"                [id=16984, stack(0x000000dc88500000,0x000000dc88600000) (1024K)]
Total: 18

Threads with active compile tasks:
C2 CompilerThread0  66939 16364   !   4       java.util.stream.ReferencePipeline$7$1::accept (127 bytes)
Total: 1

VM state: not at safepoint (normal execution)

VM Mutex/Monitor currently owned by a thread: None

Heap address: 0x0000000600000000, size: 8192 MB, Compressed Oops mode: Zero based, Oop shift amount: 3

CDS archive(s) not mapped
Compressed class space mapped at: 0x0000000800000000-0x0000000840000000, reserved size: 1073741824
Narrow klass base: 0x0000000800000000, Narrow klass shift: 0, Narrow klass range: 0x40000000

GC Precious Log:
 CardTable entry size: 512
 Card Set container configuration: InlinePtr #cards 4 size 8 Array Of Cards #cards 32 size 80 Howl #buckets 8 coarsen threshold 7372 Howl Bitmap #cards 1024 size 144 coarsen threshold 921 Card regions per heap region 1 cards per card region 8192
 CPUs: 12 total, 12 available
 Memory: 16233M
 Large Page Support: Disabled
 NUMA Support: Disabled
 Compressed Oops: Enabled (Zero based)
 Heap Region Size: 4M
 Heap Min Capacity: 8M
 Heap Initial Capacity: 256M
 Heap Max Capacity: 8G
 Pre-touch: Disabled
 Parallel Workers: 10
 Concurrent Workers: 3
 Concurrent Refinement Workers: 10
 Periodic GC: Disabled

Heap:
 garbage-first heap   total 303104K, used 256022K [0x0000000600000000, 0x0000000800000000)
  region size 4096K, 19 young (77824K), 2 survivors (8192K)
 Metaspace       used 126153K, committed 128704K, reserved 1179648K
  class space    used 17252K, committed 18496K, reserved 1048576K

Heap Regions: E=young(eden), S=young(survivor), O=old, HS=humongous(starts), HC=humongous(continues), CS=collection set, F=free, TAMS=top-at-mark-start, PB=parsable bottom
|   0|0x0000000600000000, 0x0000000600400000, 0x0000000600400000|100%|HS|  |TAMS 0x0000000600000000| PB 0x0000000600000000| Complete 
|   1|0x0000000600400000, 0x0000000600800000, 0x0000000600800000|100%| O|  |TAMS 0x0000000600400000| PB 0x0000000600400000| Untracked 
|   2|0x0000000600800000, 0x0000000600c00000, 0x0000000600c00000|100%|HS|  |TAMS 0x0000000600800000| PB 0x0000000600800000| Complete 
|   3|0x0000000600c00000, 0x0000000601000000, 0x0000000601000000|100%| O|  |TAMS 0x0000000600c00000| PB 0x0000000600c00000| Untracked 
|   4|0x0000000601000000, 0x0000000601400000, 0x0000000601400000|100%| O|  |TAMS 0x0000000601000000| PB 0x0000000601000000| Untracked 
|   5|0x0000000601400000, 0x0000000601800000, 0x0000000601800000|100%| O|  |TAMS 0x0000000601400000| PB 0x0000000601400000| Untracked 
|   6|0x0000000601800000, 0x0000000601c00000, 0x0000000601c00000|100%| O|  |TAMS 0x0000000601800000| PB 0x0000000601800000| Untracked 
|   7|0x0000000601c00000, 0x0000000602000000, 0x0000000602000000|100%| O|  |TAMS 0x0000000601c00000| PB 0x0000000601c00000| Untracked 
|   8|0x0000000602000000, 0x0000000602400000, 0x0000000602400000|100%| O|  |TAMS 0x0000000602000000| PB 0x0000000602000000| Untracked 
|   9|0x0000000602400000, 0x0000000602800000, 0x0000000602800000|100%| O|  |TAMS 0x0000000602400000| PB 0x0000000602400000| Untracked 
|  10|0x0000000602800000, 0x0000000602c00000, 0x0000000602c00000|100%| O|  |TAMS 0x0000000602800000| PB 0x0000000602800000| Untracked 
|  11|0x0000000602c00000, 0x0000000603000000, 0x0000000603000000|100%|HS|  |TAMS 0x0000000602c00000| PB 0x0000000602c00000| Complete 
|  12|0x0000000603000000, 0x0000000603400000, 0x0000000603400000|100%|HS|  |TAMS 0x0000000603000000| PB 0x0000000603000000| Complete 
|  13|0x0000000603400000, 0x0000000603800000, 0x0000000603800000|100%| O|  |TAMS 0x0000000603400000| PB 0x0000000603400000| Untracked 
|  14|0x0000000603800000, 0x0000000603c00000, 0x0000000603c00000|100%| O|  |TAMS 0x0000000603800000| PB 0x0000000603800000| Untracked 
|  15|0x0000000603c00000, 0x0000000604000000, 0x0000000604000000|100%| O|  |TAMS 0x0000000603c00000| PB 0x0000000603c00000| Untracked 
|  16|0x0000000604000000, 0x0000000604400000, 0x0000000604400000|100%| O|  |TAMS 0x0000000604000000| PB 0x0000000604000000| Untracked 
|  17|0x0000000604400000, 0x0000000604800000, 0x0000000604800000|100%| O|  |TAMS 0x0000000604400000| PB 0x0000000604400000| Untracked 
|  18|0x0000000604800000, 0x0000000604c00000, 0x0000000604c00000|100%|HS|  |TAMS 0x0000000604800000| PB 0x0000000604800000| Complete 
|  19|0x0000000604c00000, 0x0000000605000000, 0x0000000605000000|100%| O|  |TAMS 0x0000000604c00000| PB 0x0000000604c00000| Untracked 
|  20|0x0000000605000000, 0x0000000605400000, 0x0000000605400000|100%| O|  |TAMS 0x0000000605000000| PB 0x0000000605000000| Untracked 
|  21|0x0000000605400000, 0x0000000605800000, 0x0000000605800000|100%| O|  |TAMS 0x0000000605400000| PB 0x0000000605400000| Untracked 
|  22|0x0000000605800000, 0x0000000605c00000, 0x0000000605c00000|100%| O|  |TAMS 0x0000000605800000| PB 0x0000000605800000| Untracked 
|  23|0x0000000605c00000, 0x0000000606000000, 0x0000000606000000|100%| O|  |TAMS 0x0000000605c00000| PB 0x0000000605c00000| Untracked 
|  24|0x0000000606000000, 0x0000000606400000, 0x0000000606400000|100%| O|  |TAMS 0x0000000606000000| PB 0x0000000606000000| Untracked 
|  25|0x0000000606400000, 0x0000000606800000, 0x0000000606800000|100%| O|  |TAMS 0x0000000606400000| PB 0x0000000606400000| Untracked 
|  26|0x0000000606800000, 0x0000000606c00000, 0x0000000606c00000|100%| O|  |TAMS 0x0000000606800000| PB 0x0000000606800000| Untracked 
|  27|0x0000000606c00000, 0x0000000607000000, 0x0000000607000000|100%| O|  |TAMS 0x0000000606c00000| PB 0x0000000606c00000| Untracked 
|  28|0x0000000607000000, 0x0000000607400000, 0x0000000607400000|100%|HS|  |TAMS 0x0000000607000000| PB 0x0000000607000000| Complete 
|  29|0x0000000607400000, 0x0000000607800000, 0x0000000607800000|100%| O|  |TAMS 0x0000000607400000| PB 0x0000000607400000| Untracked 
|  30|0x0000000607800000, 0x0000000607c00000, 0x0000000607c00000|100%| O|  |TAMS 0x0000000607800000| PB 0x0000000607800000| Untracked 
|  31|0x0000000607c00000, 0x0000000608000000, 0x0000000608000000|100%| O|  |TAMS 0x0000000607c00000| PB 0x0000000607c00000| Untracked 
|  32|0x0000000608000000, 0x0000000608400000, 0x0000000608400000|100%| O|  |TAMS 0x0000000608000000| PB 0x0000000608000000| Untracked 
|  33|0x0000000608400000, 0x0000000608800000, 0x0000000608800000|100%| O|  |TAMS 0x0000000608400000| PB 0x0000000608400000| Untracked 
|  34|0x0000000608800000, 0x0000000608c00000, 0x0000000608c00000|100%| O|  |TAMS 0x0000000608800000| PB 0x0000000608800000| Untracked 
|  35|0x0000000608c00000, 0x0000000609000000, 0x0000000609000000|100%| O|  |TAMS 0x0000000608c00000| PB 0x0000000608c00000| Untracked 
|  36|0x0000000609000000, 0x0000000609400000, 0x0000000609400000|100%| O|  |TAMS 0x0000000609000000| PB 0x0000000609000000| Untracked 
|  37|0x0000000609400000, 0x0000000609800000, 0x0000000609800000|100%| O|  |TAMS 0x0000000609400000| PB 0x0000000609400000| Untracked 
|  38|0x0000000609800000, 0x0000000609c00000, 0x0000000609c00000|100%| O|  |TAMS 0x0000000609800000| PB 0x0000000609800000| Untracked 
|  39|0x0000000609c00000, 0x000000060a000000, 0x000000060a000000|100%| O|  |TAMS 0x0000000609c00000| PB 0x0000000609c00000| Untracked 
|  40|0x000000060a000000, 0x000000060a400000, 0x000000060a400000|100%| O|  |TAMS 0x000000060a000000| PB 0x000000060a000000| Untracked 
|  41|0x000000060a400000, 0x000000060a800000, 0x000000060a800000|100%| O|  |TAMS 0x000000060a400000| PB 0x000000060a400000| Untracked 
|  42|0x000000060a800000, 0x000000060ac00000, 0x000000060ac00000|100%| O|  |TAMS 0x000000060a800000| PB 0x000000060a800000| Untracked 
|  43|0x000000060ac00000, 0x000000060afc4ee0, 0x000000060b000000| 94%| O|  |TAMS 0x000000060ac00000| PB 0x000000060ac00000| Untracked 
|  44|0x000000060b000000, 0x000000060b000000, 0x000000060b400000|  0%| F|  |TAMS 0x000000060b000000| PB 0x000000060b000000| Untracked 
|  45|0x000000060b400000, 0x000000060b400000, 0x000000060b800000|  0%| F|  |TAMS 0x000000060b400000| PB 0x000000060b400000| Untracked 
|  46|0x000000060b800000, 0x000000060b800000, 0x000000060bc00000|  0%| F|  |TAMS 0x000000060b800000| PB 0x000000060b800000| Untracked 
|  47|0x000000060bc00000, 0x000000060bc00000, 0x000000060c000000|  0%| F|  |TAMS 0x000000060bc00000| PB 0x000000060bc00000| Untracked 
|  48|0x000000060c000000, 0x000000060c000000, 0x000000060c400000|  0%| F|  |TAMS 0x000000060c000000| PB 0x000000060c000000| Untracked 
|  49|0x000000060c400000, 0x000000060c400000, 0x000000060c800000|  0%| F|  |TAMS 0x000000060c400000| PB 0x000000060c400000| Untracked 
|  50|0x000000060c800000, 0x000000060ca40ae0, 0x000000060cc00000| 56%| S|CS|TAMS 0x000000060c800000| PB 0x000000060c800000| Complete 
|  51|0x000000060cc00000, 0x000000060d000000, 0x000000060d000000|100%| S|CS|TAMS 0x000000060cc00000| PB 0x000000060cc00000| Complete 
|  52|0x000000060d000000, 0x000000060d000000, 0x000000060d400000|  0%| F|  |TAMS 0x000000060d000000| PB 0x000000060d000000| Untracked 
|  53|0x000000060d400000, 0x000000060d400000, 0x000000060d800000|  0%| F|  |TAMS 0x000000060d400000| PB 0x000000060d400000| Untracked 
|  54|0x000000060d800000, 0x000000060d800000, 0x000000060dc00000|  0%| F|  |TAMS 0x000000060d800000| PB 0x000000060d800000| Untracked 
|  55|0x000000060dc00000, 0x000000060dc00000, 0x000000060e000000|  0%| F|  |TAMS 0x000000060dc00000| PB 0x000000060dc00000| Untracked 
|  56|0x000000060e000000, 0x000000060e3700e0, 0x000000060e400000| 85%| E|  |TAMS 0x000000060e000000| PB 0x000000060e000000| Complete 
|  57|0x000000060e400000, 0x000000060e800000, 0x000000060e800000|100%| E|CS|TAMS 0x000000060e400000| PB 0x000000060e400000| Complete 
|  58|0x000000060e800000, 0x000000060ec00000, 0x000000060ec00000|100%| E|CS|TAMS 0x000000060e800000| PB 0x000000060e800000| Complete 
|  59|0x000000060ec00000, 0x000000060f000000, 0x000000060f000000|100%| E|CS|TAMS 0x000000060ec00000| PB 0x000000060ec00000| Complete 
|  60|0x000000060f000000, 0x000000060f400000, 0x000000060f400000|100%| E|CS|TAMS 0x000000060f000000| PB 0x000000060f000000| Complete 
|  61|0x000000060f400000, 0x000000060f800000, 0x000000060f800000|100%| E|CS|TAMS 0x000000060f400000| PB 0x000000060f400000| Complete 
|  62|0x000000060f800000, 0x000000060fc00000, 0x000000060fc00000|100%| E|CS|TAMS 0x000000060f800000| PB 0x000000060f800000| Complete 
|  63|0x000000060fc00000, 0x0000000610000000, 0x0000000610000000|100%| E|CS|TAMS 0x000000060fc00000| PB 0x000000060fc00000| Complete 
|  64|0x0000000610000000, 0x0000000610400000, 0x0000000610400000|100%| E|CS|TAMS 0x0000000610000000| PB 0x0000000610000000| Complete 
|  65|0x0000000610400000, 0x0000000610800000, 0x0000000610800000|100%| E|CS|TAMS 0x0000000610400000| PB 0x0000000610400000| Complete 
|  66|0x0000000610800000, 0x0000000610c00000, 0x0000000610c00000|100%| E|CS|TAMS 0x0000000610800000| PB 0x0000000610800000| Complete 
|  67|0x0000000610c00000, 0x0000000611000000, 0x0000000611000000|100%| E|CS|TAMS 0x0000000610c00000| PB 0x0000000610c00000| Complete 
|  68|0x0000000611000000, 0x0000000611400000, 0x0000000611400000|100%| E|CS|TAMS 0x0000000611000000| PB 0x0000000611000000| Complete 
|  69|0x0000000611400000, 0x0000000611800000, 0x0000000611800000|100%| E|CS|TAMS 0x0000000611400000| PB 0x0000000611400000| Complete 
|  70|0x0000000611800000, 0x0000000611c00000, 0x0000000611c00000|100%| E|CS|TAMS 0x0000000611800000| PB 0x0000000611800000| Complete 
|2045|0x00000007ff400000, 0x00000007ff800000, 0x00000007ff800000|100%| E|CS|TAMS 0x00000007ff400000| PB 0x00000007ff400000| Complete 
|2046|0x00000007ff800000, 0x00000007ffc00000, 0x00000007ffc00000|100%| E|CS|TAMS 0x00000007ff800000| PB 0x00000007ff800000| Complete 
|2047|0x00000007ffc00000, 0x0000000800000000, 0x0000000800000000|100%| O|  |TAMS 0x00000007ffc00000| PB 0x00000007ffc00000| Untracked 

Card table byte_map: [0x0000025deba50000,0x0000025deca50000] _byte_map_base: 0x0000025de8a50000

Marking Bits: (CMBitMap*) 0x0000025dc723c890
 Bits: [0x0000025deca50000, 0x0000025df4a50000)

Polling page: 0x0000025dc6950000

Metaspace:

Usage:
  Non-class:    106.35 MB used.
      Class:     16.85 MB used.
       Both:    123.20 MB used.

Virtual space:
  Non-class space:      128.00 MB reserved,     107.62 MB ( 84%) committed,  2 nodes.
      Class space:        1.00 GB reserved,      18.06 MB (  2%) committed,  1 nodes.
             Both:        1.12 GB reserved,     125.69 MB ( 11%) committed. 

Chunk freelists:
   Non-Class:  4.39 MB
       Class:  13.91 MB
        Both:  18.30 MB

MaxMetaspaceSize: 4.00 GB
CompressedClassSpaceSize: 1.00 GB
Initial GC threshold: 21.00 MB
Current GC threshold: 194.69 MB
CDS: off
 - commit_granule_bytes: 65536.
 - commit_granule_words: 8192.
 - virtual_space_node_default_size: 8388608.
 - enlarge_chunks_in_place: 1.
 - use_allocation_guard: 0.


Internal statistics:

num_allocs_failed_limit: 9.
num_arena_births: 4440.
num_arena_deaths: 0.
num_vsnodes_births: 3.
num_vsnodes_deaths: 0.
num_space_committed: 2011.
num_space_uncommitted: 0.
num_chunks_returned_to_freelist: 9.
num_chunks_taken_from_freelist: 9932.
num_chunk_merges: 9.
num_chunk_splits: 6461.
num_chunks_enlarged: 4149.
num_inconsistent_stats: 0.

CodeHeap 'non-profiled nmethods': size=259264Kb used=10107Kb max_used=10107Kb free=249157Kb
 bounds [0x0000025dda5b0000, 0x0000025ddaf90000, 0x0000025dea2e0000]
CodeHeap 'profiled nmethods': size=259264Kb used=27671Kb max_used=27671Kb free=231592Kb
 bounds [0x0000025dca2e0000, 0x0000025dcbdf0000, 0x0000025dda010000]
CodeHeap 'non-nmethods': size=5760Kb used=2935Kb max_used=3045Kb free=2825Kb
 bounds [0x0000025dda010000, 0x0000025dda330000, 0x0000025dda5b0000]
 total_blobs=15087 nmethods=14053 adapters=938
 compilation: enabled
              stopped_count=0, restarted_count=0
 full_count=0

Compilation events (20 events):
Event: 61.852 Thread 0x0000025df7908d20 nmethod 16353 0x0000025ddaf8d710 code [0x0000025ddaf8d8a0, 0x0000025ddaf8d970]
Event: 61.852 Thread 0x0000025df7908d20 16354       1       com.sun.management.internal.PlatformMBeanProviderImpl$3::mbeanInterfaceNames (5 bytes)
Event: 61.852 Thread 0x0000025df7908d20 nmethod 16354 0x0000025ddaf8da10 code [0x0000025ddaf8dba0, 0x0000025ddaf8dc70]
Event: 61.852 Thread 0x0000025df7908d20 16355       1       java.lang.management.DefaultPlatformMBeanProvider$7::mbeanInterfaceNames (5 bytes)
Event: 61.852 Thread 0x0000025df7908d20 nmethod 16355 0x0000025ddaf8dd10 code [0x0000025ddaf8dea0, 0x0000025ddaf8df70]
Event: 61.852 Thread 0x0000025df7908d20 16356       1       java.lang.management.DefaultPlatformMBeanProvider$5::mbeanInterfaceNames (5 bytes)
Event: 61.853 Thread 0x0000025df7908d20 nmethod 16356 0x0000025ddaf8e010 code [0x0000025ddaf8e1a0, 0x0000025ddaf8e270]
Event: 61.853 Thread 0x0000025df7908d20 16357       1       java.lang.management.DefaultPlatformMBeanProvider$6::mbeanInterfaceNames (5 bytes)
Event: 61.853 Thread 0x0000025df7908d20 nmethod 16357 0x0000025ddaf8e310 code [0x0000025ddaf8e4a0, 0x0000025ddaf8e570]
Event: 65.058 Thread 0x0000025df7908d20 16358       1       org.gradle.launcher.daemon.server.health.gc.GarbageCollectionEvent::getUsage (5 bytes)
Event: 65.058 Thread 0x0000025df7908d20 nmethod 16358 0x0000025ddaf8e610 code [0x0000025ddaf8e7a0, 0x0000025ddaf8e870]
Event: 65.060 Thread 0x0000025df7908d20 16359       1       java.nio.channels.FileLock::isShared (5 bytes)
Event: 65.061 Thread 0x0000025df7908d20 nmethod 16359 0x0000025ddaf8e910 code [0x0000025ddaf8eaa0, 0x0000025ddaf8eb70]
Event: 65.061 Thread 0x0000025df7908d20 16360       3       org.gradle.internal.serialize.InputStreamBackedDecoder::readInt (8 bytes)
Event: 65.062 Thread 0x0000025df7908d20 nmethod 16360 0x0000025dcbde3210 code [0x0000025dcbde3420, 0x0000025dcbde3aa8]
Event: 65.068 Thread 0x0000025df7908d20 16361       3       java.util.Formatter$FormatSpecifier::appendJustified (89 bytes)
Event: 65.069 Thread 0x0000025df7908d20 nmethod 16361 0x0000025dcbde3d90 code [0x0000025dcbde3fc0, 0x0000025dcbde4728]
Event: 65.851 Thread 0x0000025df7908d20 16362   !   3       java.util.concurrent.ThreadPoolExecutor::getTask (177 bytes)
Event: 65.853 Thread 0x0000025df7908d20 nmethod 16362 0x0000025dcbde4990 code [0x0000025dcbde4c40, 0x0000025dcbde5a90]
Event: 66.846 Thread 0x0000025df78fa050 16364   !   4       java.util.stream.ReferencePipeline$7$1::accept (127 bytes)

GC Heap History (20 events):
Event: 43.799 GC heap before
{Heap before GC invocations=44 (full 0):
 garbage-first heap   total 192512K, used 171686K [0x0000000600000000, 0x0000000800000000)
  region size 4096K, 15 young (61440K), 2 survivors (8192K)
 Metaspace       used 99675K, committed 101824K, reserved 1179648K
  class space    used 13460K, committed 14528K, reserved 1048576K
}
Event: 43.813 GC heap after
{Heap after GC invocations=45 (full 0):
 garbage-first heap   total 192512K, used 122218K [0x0000000600000000, 0x0000000800000000)
  region size 4096K, 2 young (8192K), 2 survivors (8192K)
 Metaspace       used 99675K, committed 101824K, reserved 1179648K
  class space    used 13460K, committed 14528K, reserved 1048576K
}
Event: 44.025 GC heap before
{Heap before GC invocations=45 (full 0):
 garbage-first heap   total 192512K, used 163178K [0x0000000600000000, 0x0000000800000000)
  region size 4096K, 13 young (53248K), 2 survivors (8192K)
 Metaspace       used 99693K, committed 101824K, reserved 1179648K
  class space    used 13461K, committed 14528K, reserved 1048576K
}
Event: 44.033 GC heap after
{Heap after GC invocations=46 (full 0):
 garbage-first heap   total 192512K, used 123572K [0x0000000600000000, 0x0000000800000000)
  region size 4096K, 2 young (8192K), 2 survivors (8192K)
 Metaspace       used 99693K, committed 101824K, reserved 1179648K
  class space    used 13461K, committed 14528K, reserved 1048576K
}
Event: 44.295 GC heap before
{Heap before GC invocations=47 (full 0):
 garbage-first heap   total 212992K, used 160436K [0x0000000600000000, 0x0000000800000000)
  region size 4096K, 12 young (49152K), 2 survivors (8192K)
 Metaspace       used 99693K, committed 101824K, reserved 1179648K
  class space    used 13461K, committed 14528K, reserved 1048576K
}
Event: 44.302 GC heap after
{Heap after GC invocations=48 (full 0):
 garbage-first heap   total 212992K, used 125080K [0x0000000600000000, 0x0000000800000000)
  region size 4096K, 1 young (4096K), 1 survivors (4096K)
 Metaspace       used 99693K, committed 101824K, reserved 1179648K
  class space    used 13461K, committed 14528K, reserved 1048576K
}
Event: 45.250 GC heap before
{Heap before GC invocations=48 (full 0):
 garbage-first heap   total 212992K, used 190616K [0x0000000600000000, 0x0000000800000000)
  region size 4096K, 17 young (69632K), 1 survivors (4096K)
 Metaspace       used 101665K, committed 103808K, reserved 1179648K
  class space    used 13736K, committed 14784K, reserved 1048576K
}
Event: 45.260 GC heap after
{Heap after GC invocations=49 (full 0):
 garbage-first heap   total 217088K, used 140053K [0x0000000600000000, 0x0000000800000000)
  region size 4096K, 3 young (12288K), 3 survivors (12288K)
 Metaspace       used 101665K, committed 103808K, reserved 1179648K
  class space    used 13736K, committed 14784K, reserved 1048576K
}
Event: 45.958 GC heap before
{Heap before GC invocations=49 (full 0):
 garbage-first heap   total 217088K, used 185109K [0x0000000600000000, 0x0000000800000000)
  region size 4096K, 14 young (57344K), 3 survivors (12288K)
 Metaspace       used 104838K, committed 106944K, reserved 1179648K
  class space    used 14175K, committed 15232K, reserved 1048576K
}
Event: 45.966 GC heap after
{Heap after GC invocations=50 (full 0):
 garbage-first heap   total 303104K, used 143808K [0x0000000600000000, 0x0000000800000000)
  region size 4096K, 1 young (4096K), 1 survivors (4096K)
 Metaspace       used 104838K, committed 106944K, reserved 1179648K
  class space    used 14175K, committed 15232K, reserved 1048576K
}
Event: 48.084 GC heap before
{Heap before GC invocations=51 (full 0):
 garbage-first heap   total 303104K, used 270784K [0x0000000600000000, 0x0000000800000000)
  region size 4096K, 32 young (131072K), 1 survivors (4096K)
 Metaspace       used 113176K, committed 115456K, reserved 1179648K
  class space    used 15444K, committed 16576K, reserved 1048576K
}
Event: 48.093 GC heap after
{Heap after GC invocations=52 (full 0):
 garbage-first heap   total 303104K, used 149866K [0x0000000600000000, 0x0000000800000000)
  region size 4096K, 2 young (8192K), 2 survivors (8192K)
 Metaspace       used 113176K, committed 115456K, reserved 1179648K
  class space    used 15444K, committed 16576K, reserved 1048576K
}
Event: 49.041 GC heap before
{Heap before GC invocations=52 (full 0):
 garbage-first heap   total 303104K, used 268650K [0x0000000600000000, 0x0000000800000000)
  region size 4096K, 32 young (131072K), 2 survivors (8192K)
 Metaspace       used 114836K, committed 117184K, reserved 1179648K
  class space    used 15669K, committed 16832K, reserved 1048576K
}
Event: 49.059 GC heap after
{Heap after GC invocations=53 (full 0):
 garbage-first heap   total 303104K, used 156471K [0x0000000600000000, 0x0000000800000000)
  region size 4096K, 4 young (16384K), 4 survivors (16384K)
 Metaspace       used 114836K, committed 117184K, reserved 1179648K
  class space    used 15669K, committed 16832K, reserved 1048576K
}
Event: 51.875 GC heap before
{Heap before GC invocations=53 (full 0):
 garbage-first heap   total 303104K, used 262967K [0x0000000600000000, 0x0000000800000000)
  region size 4096K, 30 young (122880K), 4 survivors (16384K)
 Metaspace       used 117166K, committed 119616K, reserved 1179648K
  class space    used 16015K, committed 17216K, reserved 1048576K
}
Event: 51.905 GC heap after
{Heap after GC invocations=54 (full 0):
 garbage-first heap   total 303104K, used 173812K [0x0000000600000000, 0x0000000800000000)
  region size 4096K, 4 young (16384K), 4 survivors (16384K)
 Metaspace       used 117166K, committed 119616K, reserved 1179648K
  class space    used 16015K, committed 17216K, reserved 1048576K
}
Event: 53.184 GC heap before
{Heap before GC invocations=55 (full 0):
 garbage-first heap   total 303104K, used 259828K [0x0000000600000000, 0x0000000800000000)
  region size 4096K, 26 young (106496K), 4 survivors (16384K)
 Metaspace       used 117380K, committed 119808K, reserved 1179648K
  class space    used 16053K, committed 17216K, reserved 1048576K
}
Event: 53.206 GC heap after
{Heap after GC invocations=56 (full 0):
 garbage-first heap   total 303104K, used 185230K [0x0000000600000000, 0x0000000800000000)
  region size 4096K, 3 young (12288K), 3 survivors (12288K)
 Metaspace       used 117380K, committed 119808K, reserved 1179648K
  class space    used 16053K, committed 17216K, reserved 1048576K
}
Event: 56.154 GC heap before
{Heap before GC invocations=56 (full 0):
 garbage-first heap   total 303104K, used 267150K [0x0000000600000000, 0x0000000800000000)
  region size 4096K, 23 young (94208K), 3 survivors (12288K)
 Metaspace       used 123697K, committed 126208K, reserved 1179648K
  class space    used 16939K, committed 18176K, reserved 1048576K
}
Event: 56.167 GC heap after
{Heap after GC invocations=57 (full 0):
 garbage-first heap   total 303104K, used 190486K [0x0000000600000000, 0x0000000800000000)
  region size 4096K, 2 young (8192K), 2 survivors (8192K)
 Metaspace       used 123697K, committed 126208K, reserved 1179648K
  class space    used 16939K, committed 18176K, reserved 1048576K
}

Dll operation events (3 events):
Event: 0.016 Loaded shared library C:\Program Files\Android\Android Studio\jbr\bin\java.dll
Event: 0.027 Loaded shared library C:\Program Files\Android\Android Studio\jbr\bin\zip.dll
Event: 1.197 Loaded shared library C:\Program Files\Android\Android Studio\jbr\bin\verify.dll

Deoptimization events (20 events):
Event: 58.135 Thread 0x0000025d81903160 Uncommon trap: trap_request=0xffffffc6 fr.pc=0x0000025ddad3832c relative=0x000000000000032c
Event: 58.135 Thread 0x0000025d81903160 Uncommon trap: reason=bimorphic_or_optimized_type_check action=maybe_recompile pc=0x0000025ddad3832c method=java.util.stream.Streams$StreamBuilderImpl.forEachRemaining(Ljava/util/function/Consumer;)V @ 19 c2
Event: 58.135 Thread 0x0000025d81903160 DEOPT PACKING pc=0x0000025ddad3832c sp=0x000000dc8b5f9e40
Event: 58.135 Thread 0x0000025d81903160 DEOPT UNPACKING pc=0x0000025dda0646a2 sp=0x000000dc8b5f9df8 mode 2
Event: 58.214 Thread 0x0000025d81903160 Uncommon trap: trap_request=0xffffffd6 fr.pc=0x0000025ddaeee130 relative=0x00000000000004f0
Event: 58.214 Thread 0x0000025d81903160 Uncommon trap: reason=array_check action=maybe_recompile pc=0x0000025ddaeee130 method=java.util.HashMap.valuesToArray([Ljava/lang/Object;)[Ljava/lang/Object; @ 62 c2
Event: 58.214 Thread 0x0000025d81903160 DEOPT PACKING pc=0x0000025ddaeee130 sp=0x000000dc8b5f85b0
Event: 58.214 Thread 0x0000025d81903160 DEOPT UNPACKING pc=0x0000025dda0646a2 sp=0x000000dc8b5f8548 mode 2
Event: 58.217 Thread 0x0000025d81903160 Uncommon trap: trap_request=0xffffffd6 fr.pc=0x0000025ddaeee130 relative=0x00000000000004f0
Event: 58.217 Thread 0x0000025d81903160 Uncommon trap: reason=array_check action=maybe_recompile pc=0x0000025ddaeee130 method=java.util.HashMap.valuesToArray([Ljava/lang/Object;)[Ljava/lang/Object; @ 62 c2
Event: 58.217 Thread 0x0000025d81903160 DEOPT PACKING pc=0x0000025ddaeee130 sp=0x000000dc8b5f87a0
Event: 58.217 Thread 0x0000025d81903160 DEOPT UNPACKING pc=0x0000025dda0646a2 sp=0x000000dc8b5f8738 mode 2
Event: 58.221 Thread 0x0000025d81903160 Uncommon trap: trap_request=0xffffffd6 fr.pc=0x0000025ddaeee130 relative=0x00000000000004f0
Event: 58.221 Thread 0x0000025d81903160 Uncommon trap: reason=array_check action=maybe_recompile pc=0x0000025ddaeee130 method=java.util.HashMap.valuesToArray([Ljava/lang/Object;)[Ljava/lang/Object; @ 62 c2
Event: 58.221 Thread 0x0000025d81903160 DEOPT PACKING pc=0x0000025ddaeee130 sp=0x000000dc8b5f8990
Event: 58.221 Thread 0x0000025d81903160 DEOPT UNPACKING pc=0x0000025dda0646a2 sp=0x000000dc8b5f8928 mode 2
Event: 58.225 Thread 0x0000025d81903160 Uncommon trap: trap_request=0xffffffd6 fr.pc=0x0000025ddaeee130 relative=0x00000000000004f0
Event: 58.225 Thread 0x0000025d81903160 Uncommon trap: reason=array_check action=maybe_recompile pc=0x0000025ddaeee130 method=java.util.HashMap.valuesToArray([Ljava/lang/Object;)[Ljava/lang/Object; @ 62 c2
Event: 58.225 Thread 0x0000025d81903160 DEOPT PACKING pc=0x0000025ddaeee130 sp=0x000000dc8b5f8b80
Event: 58.225 Thread 0x0000025d81903160 DEOPT UNPACKING pc=0x0000025dda0646a2 sp=0x000000dc8b5f8b18 mode 2

Classes loaded (20 events):
Event: 55.430 Loading class java/io/CharConversionException done
Event: 55.430 Loading class com/sun/org/apache/xerces/internal/impl/io/MalformedByteSequenceException done
Event: 58.278 Loading class java/lang/BooleanBeanInfo
Event: 58.278 Loading class java/lang/BooleanBeanInfo done
Event: 58.279 Loading class java/lang/BooleanBeanInfo
Event: 58.279 Loading class java/lang/BooleanBeanInfo done
Event: 58.279 Loading class java/lang/BooleanCustomizer
Event: 58.279 Loading class java/lang/BooleanCustomizer done
Event: 58.280 Loading class java/lang/BooleanCustomizer
Event: 58.280 Loading class java/lang/BooleanCustomizer done
Event: 58.311 Loading class java/lang/ProcessImpl
Event: 58.313 Loading class java/lang/ProcessImpl done
Event: 58.344 Loading class java/lang/ProcessHandleImpl
Event: 58.346 Loading class java/lang/ProcessHandleImpl done
Event: 58.349 Loading class java/lang/ProcessImpl$2
Event: 58.350 Loading class java/lang/ProcessImpl$2 done
Event: 58.350 Loading class java/lang/Process$PipeInputStream
Event: 58.350 Loading class java/lang/Process$PipeInputStream done
Event: 58.356 Loading class jdk/internal/event/ProcessStartEvent
Event: 58.356 Loading class jdk/internal/event/ProcessStartEvent done

Classes unloaded (0 events):
No events

Classes redefined (0 events):
No events

Internal exceptions (20 events):
Event: 57.979 Thread 0x0000025d81903160 Exception <a 'sun/nio/fs/WindowsException'{0x000000060e55e140}> (0x000000060e55e140) 
thrown [s\src\hotspot\share\prims\jni.cpp, line 535]
Event: 58.012 Thread 0x0000025d81903160 Exception <a 'sun/nio/fs/WindowsException'{0x000000060e6c7138}> (0x000000060e6c7138) 
thrown [s\src\hotspot\share\prims\jni.cpp, line 535]
Event: 58.198 Thread 0x0000025d81903160 Exception <a 'java/lang/ClassNotFoundException'{0x000000060e0770e8}: org/gradle/process/internal/DefaultExecAction_DecoratedBeanInfo> (0x000000060e0770e8) 
thrown [s\src\hotspot\share\classfile\systemDictionary.cpp, line 312]
Event: 58.202 Thread 0x0000025d81903160 Exception <a 'java/lang/ClassNotFoundException'{0x000000060e088b30}: org/gradle/process/internal/DefaultExecActionBeanInfo> (0x000000060e088b30) 
thrown [s\src\hotspot\share\classfile\systemDictionary.cpp, line 312]
Event: 58.205 Thread 0x0000025d81903160 Exception <a 'java/lang/ClassNotFoundException'{0x000000060e09ad28}: org/gradle/process/internal/DefaultExecHandleBuilderBeanInfo> (0x000000060e09ad28) 
thrown [s\src\hotspot\share\classfile\systemDictionary.cpp, line 312]
Event: 58.208 Thread 0x0000025d81903160 Exception <a 'java/lang/ClassNotFoundException'{0x000000060e0ad9d8}: org/gradle/process/internal/AbstractExecHandleBuilderBeanInfo> (0x000000060e0ad9d8) 
thrown [s\src\hotspot\share\classfile\systemDictionary.cpp, line 312]
Event: 58.211 Thread 0x0000025d81903160 Exception <a 'java/lang/ClassNotFoundException'{0x000000060e0c03e8}: org/gradle/process/internal/DefaultProcessForkOptionsBeanInfo> (0x000000060e0c03e8) 
thrown [s\src\hotspot\share\classfile\systemDictionary.cpp, line 312]
Event: 58.214 Thread 0x0000025d81903160 Exception <a 'java/lang/ClassNotFoundException'{0x000000060e0d3258}: org/gradle/process/internal/DefaultProcessForkOptionsCustomizer> (0x000000060e0d3258) 
thrown [s\src\hotspot\share\classfile\systemDictionary.cpp, line 312]
Event: 58.217 Thread 0x0000025d81903160 Exception <a 'java/lang/ClassNotFoundException'{0x000000060e0f3d80}: org/gradle/process/internal/AbstractExecHandleBuilderCustomizer> (0x000000060e0f3d80) 
thrown [s\src\hotspot\share\classfile\systemDictionary.cpp, line 312]
Event: 58.220 Thread 0x0000025d81903160 Exception <a 'java/lang/ClassNotFoundException'{0x000000060e1188b0}: org/gradle/process/internal/DefaultExecHandleBuilderCustomizer> (0x000000060e1188b0) 
thrown [s\src\hotspot\share\classfile\systemDictionary.cpp, line 312]
Event: 58.225 Thread 0x0000025d81903160 Exception <a 'java/lang/ClassNotFoundException'{0x000000060e158908}: org/gradle/process/internal/DefaultExecActionCustomizer> (0x000000060e158908) 
thrown [s\src\hotspot\share\classfile\systemDictionary.cpp, line 312]
Event: 58.233 Thread 0x0000025d81903160 Exception <a 'java/lang/ClassNotFoundException'{0x000000060e1743d0}: org/gradle/process/internal/DefaultExecAction_DecoratedCustomizer> (0x000000060e1743d0) 
thrown [s\src\hotspot\share\classfile\systemDictionary.cpp, line 312]
Event: 58.245 Thread 0x0000025d81903160 Exception <a 'java/lang/ClassNotFoundException'{0x000000060e1b9758}: org/gradle/api/logging/LogLevelBeanInfo> (0x000000060e1b9758) 
thrown [s\src\hotspot\share\classfile\systemDictionary.cpp, line 312]
Event: 58.250 Thread 0x0000025d81903160 Exception <a 'java/lang/ClassNotFoundException'{0x000000060e1c9e88}: org/gradle/api/logging/LogLevelCustomizer> (0x000000060e1c9e88) 
thrown [s\src\hotspot\share\classfile\systemDictionary.cpp, line 312]
Event: 58.262 Thread 0x0000025d81903160 Exception <a 'java/lang/ClassNotFoundException'{0x000000060e2111a0}: org/gradle/internal/logging/services/DefaultLoggingManagerBeanInfo> (0x000000060e2111a0) 
thrown [s\src\hotspot\share\classfile\systemDictionary.cpp, line 312]
Event: 58.266 Thread 0x0000025d81903160 Exception <a 'java/lang/ClassNotFoundException'{0x000000060e222060}: org/gradle/internal/logging/services/DefaultLoggingManagerCustomizer> (0x000000060e222060) 
thrown [s\src\hotspot\share\classfile\systemDictionary.cpp, line 312]
Event: 58.279 Thread 0x0000025d81903160 Exception <a 'java/lang/ClassNotFoundException'{0x000000060e257c08}: java/lang/BooleanBeanInfo> (0x000000060e257c08) 
thrown [s\src\hotspot\share\classfile\systemDictionary.cpp, line 312]
Event: 58.280 Thread 0x0000025d81903160 Exception <a 'java/lang/ClassNotFoundException'{0x000000060e25e290}: java/lang/BooleanCustomizer> (0x000000060e25e290) 
thrown [s\src\hotspot\share\classfile\systemDictionary.cpp, line 312]
Event: 58.343 Thread 0x0000025d8757d230 Exception <a 'java/lang/NoSuchMethodError'{0x000000060e2f7638}: 'void java.lang.invoke.DirectMethodHandle$Holder.invokeStatic(java.lang.Object, long)'> (0x000000060e2f7638) 
thrown [s\src\hotspot\share\interpreter\linkResolver.cpp, line 784]
Event: 58.348 Thread 0x0000025d8757d230 Exception <a 'java/lang/NoSuchMethodError'{0x000000060e301fa0}: 'java.lang.Object java.lang.invoke.DirectMethodHandle$Holder.invokeStaticInit(java.lang.Object, long, java.lang.Object)'> (0x000000060e301fa0) 
thrown [s\src\hotspot\share\interpreter\linkResolver.cpp, line 784]

ZGC Phase Switch (0 events):
No events

VM Operations (20 events):
Event: 57.139 Executing VM operation: HandshakeAllThreads (Deoptimize)
Event: 57.139 Executing VM operation: HandshakeAllThreads (Deoptimize) done
Event: 57.828 Executing VM operation: HandshakeAllThreads (Deoptimize)
Event: 57.829 Executing VM operation: HandshakeAllThreads (Deoptimize) done
Event: 57.920 Executing VM operation: ICBufferFull
Event: 57.920 Executing VM operation: ICBufferFull done
Event: 58.083 Executing VM operation: HandshakeAllThreads (Deoptimize)
Event: 58.117 Executing VM operation: HandshakeAllThreads (Deoptimize) done
Event: 58.124 Executing VM operation: HandshakeAllThreads (Deoptimize)
Event: 58.124 Executing VM operation: HandshakeAllThreads (Deoptimize) done
Event: 58.355 Executing VM operation: HandshakeAllThreads (Deoptimize)
Event: 58.356 Executing VM operation: HandshakeAllThreads (Deoptimize) done
Event: 59.355 Executing VM operation: Cleanup
Event: 59.355 Executing VM operation: Cleanup done
Event: 60.261 Executing VM operation: HandshakeAllThreads (HandshakeForDeflation)
Event: 60.261 Executing VM operation: HandshakeAllThreads (HandshakeForDeflation) done
Event: 60.261 Executing VM operation: RendezvousGCThreads
Event: 60.261 Executing VM operation: RendezvousGCThreads done
Event: 65.306 Executing VM operation: Cleanup
Event: 65.307 Executing VM operation: Cleanup done

Memory protections (0 events):
No events

Nmethod flushes (20 events):
Event: 52.130 Thread 0x0000025df785a820 flushing  nmethod 0x0000025dca346e10
Event: 52.130 Thread 0x0000025df785a820 flushing  nmethod 0x0000025dca4dba10
Event: 52.130 Thread 0x0000025df785a820 flushing  nmethod 0x0000025dca56a310
Event: 52.130 Thread 0x0000025df785a820 flushing  nmethod 0x0000025dca6e9010
Event: 52.130 Thread 0x0000025df785a820 flushing  nmethod 0x0000025dca6e9610
Event: 52.130 Thread 0x0000025df785a820 flushing  nmethod 0x0000025dca7a7690
Event: 52.130 Thread 0x0000025df785a820 flushing  nmethod 0x0000025dca7adc10
Event: 52.130 Thread 0x0000025df785a820 flushing  nmethod 0x0000025dcaab1d90
Event: 52.130 Thread 0x0000025df785a820 flushing  nmethod 0x0000025dcab10a10
Event: 52.130 Thread 0x0000025df785a820 flushing  nmethod 0x0000025dcab7a690
Event: 52.130 Thread 0x0000025df785a820 flushing  nmethod 0x0000025dcab7e510
Event: 52.130 Thread 0x0000025df785a820 flushing  nmethod 0x0000025dcaca3790
Event: 52.130 Thread 0x0000025df785a820 flushing  nmethod 0x0000025dcb01a990
Event: 52.130 Thread 0x0000025df785a820 flushing  nmethod 0x0000025dcb01b390
Event: 52.130 Thread 0x0000025df785a820 flushing  nmethod 0x0000025dcb01db90
Event: 52.130 Thread 0x0000025df785a820 flushing  nmethod 0x0000025dcb1c7b10
Event: 52.130 Thread 0x0000025df785a820 flushing  nmethod 0x0000025dcb29da10
Event: 52.130 Thread 0x0000025df785a820 flushing  nmethod 0x0000025dcb38b210
Event: 52.130 Thread 0x0000025df785a820 flushing  nmethod 0x0000025dcb492d90
Event: 52.130 Thread 0x0000025df785a820 flushing  nmethod 0x0000025dcb59a490

Events (20 events):
Event: 42.699 Thread 0x0000025dfe044000 Thread added: 0x0000025d870e7ec0
Event: 42.705 Thread 0x0000025dfe044000 Thread added: 0x0000025d870e15c0
Event: 45.479 Thread 0x0000025d87cf9c70 Thread exited: 0x0000025d87cf9c70
Event: 45.513 Thread 0x0000025dff1e0490 Thread exited: 0x0000025dff1e0490
Event: 45.793 Thread 0x0000025df7908d20 Thread added: 0x0000025dff1e0b60
Event: 48.575 Thread 0x0000025dfe044000 Thread added: 0x0000025d870e43b0
Event: 48.792 Thread 0x0000025dff1e0b60 Thread added: 0x0000025d81e159e0
Event: 49.115 Thread 0x0000025dfe044000 Thread added: 0x0000025d870eacb0
Event: 49.477 Thread 0x0000025dfe044000 Thread added: 0x0000025d870ef4e0
Event: 49.487 Thread 0x0000025dfe044000 Thread added: 0x0000025d870ec060
Event: 50.107 Thread 0x0000025dfe044000 Thread added: 0x0000025d870ecd80
Event: 50.259 Thread 0x0000025dfe044000 Thread added: 0x0000025d870efb70
Event: 50.392 Thread 0x0000025dfe044000 Thread added: 0x0000025d870ed410
Event: 50.399 Thread 0x0000025dfe044000 Thread added: 0x0000025d870edaa0
Event: 57.952 Thread 0x0000025d81903160 Thread added: 0x0000025d8757df50
Event: 58.308 Thread 0x0000025d81903160 Thread added: 0x0000025d8757d230
Event: 58.359 Thread 0x0000025d8757d230 Thread added: 0x0000025d87580020
Event: 58.360 Thread 0x0000025d8757d230 Thread added: 0x0000025d8757ec70
Event: 61.852 Thread 0x0000025d81e159e0 Thread exited: 0x0000025d81e159e0
Event: 61.852 Thread 0x0000025dff1e0b60 Thread exited: 0x0000025dff1e0b60


Dynamic libraries:
0x00007ff655a40000 - 0x00007ff655a4a000 	C:\Program Files\Android\Android Studio\jbr\bin\java.exe
0x00007ffe8f670000 - 0x00007ffe8f887000 	C:\WINDOWS\SYSTEM32\ntdll.dll
0x00007ffe8ed40000 - 0x00007ffe8ee04000 	C:\WINDOWS\System32\KERNEL32.DLL
0x00007ffe8c930000 - 0x00007ffe8cd03000 	C:\WINDOWS\System32\KERNELBASE.dll
0x00007ffe8c7e0000 - 0x00007ffe8c8f1000 	C:\WINDOWS\System32\ucrtbase.dll
0x00007ffe54d20000 - 0x00007ffe54d38000 	C:\Program Files\Android\Android Studio\jbr\bin\jli.dll
0x00007ffe8eb80000 - 0x00007ffe8ed31000 	C:\WINDOWS\System32\USER32.dll
0x00007ffe49e90000 - 0x00007ffe49eab000 	C:\Program Files\Android\Android Studio\jbr\bin\VCRUNTIME140.dll
0x00007ffe8cef0000 - 0x00007ffe8cf16000 	C:\WINDOWS\System32\win32u.dll
0x00007ffe7a530000 - 0x00007ffe7a7cb000 	C:\WINDOWS\WinSxS\amd64_microsoft.windows.common-controls_6595b64144ccf1df_6.0.22621.5262_none_2712bde373830908\COMCTL32.dll
0x00007ffe8ee10000 - 0x00007ffe8ee39000 	C:\WINDOWS\System32\GDI32.dll
0x00007ffe8e7b0000 - 0x00007ffe8e857000 	C:\WINDOWS\System32\msvcrt.dll
0x00007ffe8d1d0000 - 0x00007ffe8d2f2000 	C:\WINDOWS\System32\gdi32full.dll
0x00007ffe8cd10000 - 0x00007ffe8cdaa000 	C:\WINDOWS\System32\msvcp_win.dll
0x00007ffe8f150000 - 0x00007ffe8f181000 	C:\WINDOWS\System32\IMM32.DLL
0x00007ffe6a4d0000 - 0x00007ffe6a4dc000 	C:\Program Files\Android\Android Studio\jbr\bin\vcruntime140_1.dll
0x00007ffe23090000 - 0x00007ffe2311d000 	C:\Program Files\Android\Android Studio\jbr\bin\msvcp140.dll
0x00007ffdf24b0000 - 0x00007ffdf313a000 	C:\Program Files\Android\Android Studio\jbr\bin\server\jvm.dll
0x00007ffe8d310000 - 0x00007ffe8d3c1000 	C:\WINDOWS\System32\ADVAPI32.dll
0x00007ffe8f2b0000 - 0x00007ffe8f357000 	C:\WINDOWS\System32\sechost.dll
0x00007ffe8c900000 - 0x00007ffe8c928000 	C:\WINDOWS\System32\bcrypt.dll
0x00007ffe8e880000 - 0x00007ffe8e994000 	C:\WINDOWS\System32\RPCRT4.dll
0x00007ffe8ea20000 - 0x00007ffe8ea91000 	C:\WINDOWS\System32\WS2_32.dll
0x00007ffe8bfc0000 - 0x00007ffe8c00d000 	C:\WINDOWS\SYSTEM32\POWRPROF.dll
0x00007ffe87be0000 - 0x00007ffe87bea000 	C:\WINDOWS\SYSTEM32\VERSION.dll
0x00007ffe85fe0000 - 0x00007ffe86014000 	C:\WINDOWS\SYSTEM32\WINMM.dll
0x00007ffe8bfa0000 - 0x00007ffe8bfb3000 	C:\WINDOWS\SYSTEM32\UMPDC.dll
0x00007ffe8b760000 - 0x00007ffe8b778000 	C:\WINDOWS\SYSTEM32\kernel.appcore.dll
0x00007ffe5c1f0000 - 0x00007ffe5c1fa000 	C:\Program Files\Android\Android Studio\jbr\bin\jimage.dll
0x00007ffe89eb0000 - 0x00007ffe8a0e2000 	C:\WINDOWS\SYSTEM32\DBGHELP.DLL
0x00007ffe8e230000 - 0x00007ffe8e5c3000 	C:\WINDOWS\System32\combase.dll
0x00007ffe8f460000 - 0x00007ffe8f537000 	C:\WINDOWS\System32\OLEAUT32.dll
0x00007ffe7cec0000 - 0x00007ffe7cef2000 	C:\WINDOWS\SYSTEM32\dbgcore.DLL
0x00007ffe8c760000 - 0x00007ffe8c7db000 	C:\WINDOWS\System32\bcryptPrimitives.dll
0x00007ffe49e50000 - 0x00007ffe49e5e000 	C:\Program Files\Android\Android Studio\jbr\bin\instrument.dll
0x00007ffe2ead0000 - 0x00007ffe2eaf0000 	C:\Program Files\Android\Android Studio\jbr\bin\java.dll
0x00007ffe2e9d0000 - 0x00007ffe2e9e8000 	C:\Program Files\Android\Android Studio\jbr\bin\zip.dll
0x00007ffe8d3d0000 - 0x00007ffe8dc6d000 	C:\WINDOWS\System32\SHELL32.dll
0x00007ffe8cdb0000 - 0x00007ffe8ceef000 	C:\WINDOWS\System32\wintypes.dll
0x00007ffe8a650000 - 0x00007ffe8af6d000 	C:\WINDOWS\SYSTEM32\windows.storage.dll
0x00007ffe8e0f0000 - 0x00007ffe8e1fb000 	C:\WINDOWS\System32\SHCORE.dll
0x00007ffe8eaa0000 - 0x00007ffe8eb06000 	C:\WINDOWS\System32\shlwapi.dll
0x00007ffe8c690000 - 0x00007ffe8c6bb000 	C:\WINDOWS\SYSTEM32\profapi.dll
0x00007ffe558a0000 - 0x00007ffe558b0000 	C:\Program Files\Android\Android Studio\jbr\bin\net.dll
0x00007ffe85d60000 - 0x00007ffe85e8c000 	C:\WINDOWS\SYSTEM32\WINHTTP.dll
0x00007ffe8bbd0000 - 0x00007ffe8bc3a000 	C:\WINDOWS\system32\mswsock.dll
0x00007ffe2e860000 - 0x00007ffe2e876000 	C:\Program Files\Android\Android Studio\jbr\bin\nio.dll
0x00007ffe51140000 - 0x00007ffe51150000 	C:\Program Files\Android\Android Studio\jbr\bin\verify.dll
0x00007ffe54760000 - 0x00007ffe54787000 	C:\Users\alykh\.gradle\native\c067742578af261105cb4f569cf0c3c89f3d7b1fecec35dd04571415982c5e48\windows-amd64\native-platform.dll
0x00007ffe05060000 - 0x00007ffe051a4000 	C:\Users\alykh\.gradle\native\100fb08df4bc3b14c8652ba06237920a3bd2aa13389f12d3474272988ae205f9\windows-amd64\native-platform-file-events.dll
0x00007ffe50940000 - 0x00007ffe50949000 	C:\Program Files\Android\Android Studio\jbr\bin\management.dll
0x00007ffe4cca0000 - 0x00007ffe4ccab000 	C:\Program Files\Android\Android Studio\jbr\bin\management_ext.dll
0x00007ffe8e200000 - 0x00007ffe8e208000 	C:\WINDOWS\System32\PSAPI.DLL
0x00007ffe8c010000 - 0x00007ffe8c02b000 	C:\WINDOWS\SYSTEM32\CRYPTSP.dll
0x00007ffe8b6c0000 - 0x00007ffe8b6f7000 	C:\WINDOWS\system32\rsaenh.dll
0x00007ffe8bc70000 - 0x00007ffe8bc98000 	C:\WINDOWS\SYSTEM32\USERENV.dll
0x00007ffe8bf70000 - 0x00007ffe8bf7c000 	C:\WINDOWS\SYSTEM32\CRYPTBASE.dll
0x00007ffe8b1d0000 - 0x00007ffe8b1fd000 	C:\WINDOWS\SYSTEM32\IPHLPAPI.DLL
0x00007ffe8e7a0000 - 0x00007ffe8e7a9000 	C:\WINDOWS\System32\NSI.dll
0x00007ffe49e80000 - 0x00007ffe49e89000 	C:\Program Files\Android\Android Studio\jbr\bin\extnet.dll
0x00007ffe4fb40000 - 0x00007ffe4fb48000 	C:\WINDOWS\system32\wshunix.dll
0x00007ffe6b0c0000 - 0x00007ffe6b0d7000 	C:\WINDOWS\system32\napinsp.dll
0x00007ffe6b0a0000 - 0x00007ffe6b0bb000 	C:\WINDOWS\system32\pnrpnsp.dll
0x00007ffe8b240000 - 0x00007ffe8b338000 	C:\WINDOWS\SYSTEM32\DNSAPI.dll
0x00007ffe6b080000 - 0x00007ffe6b091000 	C:\WINDOWS\System32\winrnr.dll
0x00007ffe6b050000 - 0x00007ffe6b071000 	C:\WINDOWS\system32\nlansp_c.dll
0x00007ffe6afe0000 - 0x00007ffe6afff000 	C:\WINDOWS\system32\wshbth.dll
0x00007ffe82ba0000 - 0x00007ffe82baa000 	C:\Windows\System32\rasadhlp.dll
0x00007ffe83f00000 - 0x00007ffe83f83000 	C:\WINDOWS\System32\fwpuclnt.dll

dbghelp: loaded successfully - version: 4.0.5 - missing functions: none
symbol engine: initialized successfully - sym options: 0x614 - pdb path: .;C:\Program Files\Android\Android Studio\jbr\bin;C:\WINDOWS\SYSTEM32;C:\WINDOWS\WinSxS\amd64_microsoft.windows.common-controls_6595b64144ccf1df_6.0.22621.5262_none_2712bde373830908;C:\Program Files\Android\Android Studio\jbr\bin\server;C:\Users\alykh\.gradle\native\c067742578af261105cb4f569cf0c3c89f3d7b1fecec35dd04571415982c5e48\windows-amd64;C:\Users\alykh\.gradle\native\100fb08df4bc3b14c8652ba06237920a3bd2aa13389f12d3474272988ae205f9\windows-amd64

VM Arguments:
jvm_args: -XX:MaxMetaspaceSize=4G -XX:ReservedCodeCacheSize=512m -XX:+HeapDumpOnOutOfMemoryError --add-opens=java.base/java.util=ALL-UNNAMED --add-opens=java.base/java.lang=ALL-UNNAMED --add-opens=java.base/java.lang.invoke=ALL-UNNAMED --add-opens=java.prefs/java.util.prefs=ALL-UNNAMED --add-exports=jdk.compiler/com.sun.tools.javac.api=ALL-UNNAMED --add-exports=jdk.compiler/com.sun.tools.javac.util=ALL-UNNAMED --add-opens=java.base/java.nio.charset=ALL-UNNAMED --add-opens=java.base/java.net=ALL-UNNAMED --add-opens=java.base/java.util.concurrent.atomic=ALL-UNNAMED -Xmx8G -Dfile.encoding=UTF-8 -Duser.country=US -Duser.language=en -Duser.variant -javaagent:C:\Users\alykh\.gradle\wrapper\dists\gradle-8.9-bin\90cnw93cvbtalezasaz0blq0a\gradle-8.9\lib\agents\gradle-instrumentation-agent-8.9.jar 
java_command: org.gradle.launcher.daemon.bootstrap.GradleDaemon 8.9
java_class_path (initial): C:\Users\alykh\.gradle\wrapper\dists\gradle-8.9-bin\90cnw93cvbtalezasaz0blq0a\gradle-8.9\lib\gradle-daemon-main-8.9.jar
Launcher Type: SUN_STANDARD

[Global flags]
     intx CICompilerCount                          = 4                                         {product} {ergonomic}
     uint ConcGCThreads                            = 3                                         {product} {ergonomic}
     uint G1ConcRefinementThreads                  = 10                                        {product} {ergonomic}
   size_t G1HeapRegionSize                         = 4194304                                   {product} {ergonomic}
    uintx GCDrainStackTargetSize                   = 64                                        {product} {ergonomic}
     bool HeapDumpOnOutOfMemoryError               = true                                   {manageable} {command line}
   size_t InitialHeapSize                          = 268435456                                 {product} {ergonomic}
   size_t MarkStackSize                            = 4194304                                   {product} {ergonomic}
   size_t MaxHeapSize                              = 8589934592                                {product} {command line}
   size_t MaxMetaspaceSize                         = 4294967296                                {product} {command line}
   size_t MaxNewSize                               = 5150605312                                {product} {ergonomic}
   size_t MinHeapDeltaBytes                        = 4194304                                   {product} {ergonomic}
   size_t MinHeapSize                              = 8388608                                   {product} {ergonomic}
    uintx NonNMethodCodeHeapSize                   = 5839372                                {pd product} {ergonomic}
    uintx NonProfiledCodeHeapSize                  = 265515770                              {pd product} {ergonomic}
    uintx ProfiledCodeHeapSize                     = 265515770                              {pd product} {ergonomic}
    uintx ReservedCodeCacheSize                    = 536870912                              {pd product} {command line}
     bool SegmentedCodeCache                       = true                                      {product} {ergonomic}
   size_t SoftMaxHeapSize                          = 8589934592                             {manageable} {ergonomic}
     bool UseCompressedOops                        = true                           {product lp64_product} {ergonomic}
     bool UseG1GC                                  = true                                      {product} {ergonomic}
     bool UseLargePagesIndividualAllocation        = false                                  {pd product} {ergonomic}

Logging:
Log output configuration:
 #0: stdout all=warning uptime,level,tags foldmultilines=false
 #1: stderr all=off uptime,level,tags foldmultilines=false

Environment Variables:
JAVA_HOME=C:\Program Files\Android\Android Studio\jbr
CLASSPATH=C:\Users\alykh\StudioProjects\tripstick\android\\gradle\wrapper\gradle-wrapper.jar
PATH=C:\Program Files\Android\Android Studio\jbr\bin;C:\Users\alykh\Downloads\nuget.exe;C:\Program Files\Java\jdk-24\bin;C:\Program Files\Common Files\Oracle\Java\javapath;C:\Program Files\qemu\;C:\Program Files\Oculus\Support\oculus-runtime;C:\Program Files (x86)\Intel\Intel(R) Management Engine Components\iCLS\;C:\Program Files\Intel\Intel(R) Management Engine Components\iCLS\;C:\Windows\system32;C:\Windows;C:\Windows\System32\Wbem;C:\Windows\System32\WindowsPowerShell\v1.0\;C:\Windows\System32\OpenSSH\;C:\Program Files (x86)\NVIDIA Corporation\PhysX\Common;C:\Program Files (x86)\Intel\Intel(R) Management Engine Components\DAL;C:\Program Files\Intel\Intel(R) Management Engine Components\DAL;C:\Program Files\Intel\WiFi\bin\;C:\Program Files\Common Files\Intel\WirelessCommon\;C:\WINDOWS\system32;C:\WINDOWS;C:\WINDOWS\System32\Wbem;C:\WINDOWS\System32\WindowsPowerShell\v1.0\;C:\WINDOWS\System32\OpenSSH\;C:\ProgramData\chocolatey\bin;C:\Program Files\NVIDIA Corporation\NVIDIA NvDLISR;C:\Program Files\Git\cmd;C:\Program Files\dotnet\;C:\Program Files (x86)\Windows Kits\10\Windows Performance Toolkit\;C:\Program Files\nodejs\;C:\Users\alykh\Downloads\flutter_windows_3.29.3-stable\flutter\bin;C:\Program Files\GitHub CLI\;;C:\Program Files\Docker\Docker\resources\bin;C:\Users\alykh\AppData\Local\Programs\Python\Python310\Scripts\;C:\Users\alykh\AppData\Local\Programs\Python\Python310\;C:\Users\alykh\AppData\Local\Programs\Python\Launcher\;C:\Users\alykh\Downloads\flutter_windows_3.29.3-stable\flutter\bin;C:\Users\alykh\AppData\Local\Microsoft\WindowsApps;C:\Users\alykh\AppData\Local\Programs\Microsoft VS Code\bin;C:\Users\alykh\AppData\Local\GitHubDesktop\bin;C:\Users\alykh\.dotnet\tools;C:\Users\alykh\AppData\Roaming\npm;C:\Users\alykh\AppData\Local\Programs\cursor\resources\app\bin;C:\Users\alykh\.fly\bin;C:\Users\alykh\AppData\Local\Programs\Windsurf\bin;C:\Users\alykh\Downloads\flutter_windows_3.29.3-stable\flutter\bin\mingit\cmd;C:\Users\alykh\Downloads\flutter_windows_3.29.3-stable\flutter\bin\mingit\cmd
USERNAME=alykh
OS=Windows_NT
PROCESSOR_IDENTIFIER=Intel64 Family 6 Model 158 Stepping 10, GenuineIntel
TMP=C:\Users\alykh\AppData\Local\Temp
TEMP=C:\Users\alykh\AppData\Local\Temp




Periodic native trim disabled

JNI global refs:
JNI global refs: 27, weak refs: 0

JNI global refs memory usage: 835, weak refs: 201

Process memory usage:
Resident Set Size: 635420K (3% of 16623204K total physical memory with 980712K free physical memory)

OOME stack traces (most recent first):
Classloader memory used:
Loader org.gradle.internal.classloader.VisitableURLClassLoader                         : 45795K
Loader org.gradle.internal.classloader.VisitableURLClassLoader$InstrumentingVisitableURLClassLoader: 36023K
Loader bootstrap                                                                       : 29485K
Loader org.gradle.initialization.MixInLegacyTypesClassLoader                           : 12806K
Loader org.gradle.groovy.scripts.internal.DefaultScriptCompilationHandler$ScriptClassLoader: 670K
Loader jdk.internal.loader.ClassLoaders$PlatformClassLoader                            : 509K
Loader org.codehaus.groovy.runtime.callsite.CallSiteClassLoader                        : 258K
Loader org.gradle.internal.classloader.VisitableURLClassLoader                         : 239K
Loader jdk.internal.loader.ClassLoaders$AppClassLoader                                 : 230K
Loader jdk.internal.reflect.DelegatingClassLoader                                      : 131K
Loader sun.reflect.misc.MethodUtil                                                     : 2952B


[error occurred during error reporting (Classloader stats), id 0xe0000001, Out of Memory Error (s\src\hotspot\share\memory\arena.cpp:168)]
---------------  S Y S T E M  ---------------

OS:
 Windows 11 , 64 bit Build 22621 (10.0.22621.5262)
OS uptime: 0 days 5:49 hours
Hyper-V role detected

CPU: total 12 (initial active 12) (6 cores per cpu, 2 threads per core) family 6 model 158 stepping 10 microcode 0xde, cx8, cmov, fxsr, ht, mmx, 3dnowpref, sse, sse2, sse3, ssse3, sse4.1, sse4.2, popcnt, lzcnt, tsc, tscinvbit, avx, avx2, aes, erms, clmul, bmi1, bmi2, adx, fma, vzeroupper, clflush, clflushopt, hv, rdtscp, f16c
Processor Information for all 12 processors :
  Max Mhz: 2208, Current Mhz: 2208, Mhz Limit: 2208

Memory: 4k page, system-wide physical 16233M (957M free)
TotalPageFile size 24425M (AvailPageFile size 5M)
current process WorkingSet (physical memory assigned to process): 621M, peak: 671M
current process commit charge ("private bytes"): 673M, peak: 715M

vm_info: OpenJDK 64-Bit Server VM (21.0.5+-12932927-b750.29) for windows-amd64 JRE (21.0.5+-12932927-b750.29), built on 2025-01-17T02:01:10Z by "builder" with MS VC++ 16.10 / 16.11 (VS2019)

END.
